g++: error: unrecognized command line option '--'
g++: error: unrecognized command line option '--'
                                        = 0x7f9c9519c230 
funcdecl_stmt = 0x7f9c918d44f0 funcdecl_stmt->get_declarationModifier().isFriend()               = false 
firstNondefiningFunction = 0x7f9c94c70258 firstNondefiningFunction->get_declarationModifier().isFriend() = false 
TransformationSupport::getSourceFile(funcdecl_stmt = 0x7f9c918d44f0)->getFileName()              = /home/centos/CS_259/Project/GCN_FPGA/src/merlin/.merlin_prj/run/implement/code_transform/__merlinkernel_gcnconv_kernel.cpp 
TransformationSupport::getSourceFile(funcdecl_stmt->get_scope() = 0x7f9c9519c230)->getFileName() = /home/centos/CS_259/Project/GCN_FPGA/src/merlin/.merlin_prj/run/implement/code_transform/__merlinkernel_gcnconv_kernel.cpp 
TransformationSupport::getSourceFile(firstNondefiningFunction = 0x7f9c94c70258)->getFileName()   = /home/centos/CS_259/Project/GCN_FPGA/src/merlin/.merlin_prj/run/implement/code_transform/__merlinwrapper_gcnconv_kernel.cpp 
TransformationSupport::getSourceFile(firstNondefiningFunction->get_scope() = 0x7f9c9519c120)->getFileName() = /home/centos/CS_259/Project/GCN_FPGA/src/merlin/.merlin_prj/run/implement/code_transform/__merlinwrapper_gcnconv_kernel.cpp 
TransformationSupport::getSourceFile(funcdecl_stmt = 0x7f9c918d44f0)->getFileName()            = /home/centos/CS_259/Project/GCN_FPGA/src/merlin/.merlin_prj/run/implement/code_transform/__merlinkernel_gcnconv_kernel.cpp 
TransformationSupport::getSourceFile(firstNondefiningFunction = 0x7f9c94c70258)->getFileName() = /home/centos/CS_259/Project/GCN_FPGA/src/merlin/.merlin_prj/run/implement/code_transform/__merlinwrapper_gcnconv_kernel.cpp 
firstNondefiningFunction = 0x7f9c94c70258 
firstNondefiningFunction = __merlin_dummy_extern_int_merlin_include_G_ 
funcdecl_stmt = 0x7f9c918d44f0 funcdecl_stmt->get_scope()                                        = 0x7f9c9519c230 
funcdecl_stmt = 0x7f9c918d44f0 funcdecl_stmt->get_declarationModifier().isFriend()               = false 
firstNondefiningFunction = 0x7f9c94c70258 firstNondefiningFunction->get_declarationModifier().isFriend() = false 
TransformationSupport::getSourceFile(funcdecl_stmt = 0x7f9c918d44f0)->getFileName()              = /home/centos/CS_259/Project/GCN_FPGA/src/merlin/.merlin_prj/run/implement/code_transform/__merlinkernel_gcnconv_kernel.cpp 
TransformationSupport::getSourceFile(funcdecl_stmt->get_scope() = 0x7f9c9519c230)->getFileName() = /home/centos/CS_259/Project/GCN_FPGA/src/merlin/.merlin_prj/run/implement/code_transform/__merlinkernel_gcnconv_kernel.cpp 
TransformationSupport::getSourceFile(firstNondefiningFunction = 0x7f9c94c70258)->getFileName()   = /home/centos/CS_259/Project/GCN_FPGA/src/merlin/.merlin_prj/run/implement/code_transform/__merlinwrapper_gcnconv_kernel.cpp 
TransformationSupport::getSourceFile(firstNondefiningFunction->get_scope() = 0x7f9c9519c120)->getFileName() = /home/centos/CS_259/Project/GCN_FPGA/src/merlin/.merlin_prj/run/implement/code_transform/__merlinwrapper_gcnconv_kernel.cpp 
firstNondefiningFunction = 0x7f9c94c70258 
funcdecl_stmt = 0x7f9c918d48d8 funcdecl_stmt->get_scope()                                        = 0x7f9c9519c230 
funcdecl_stmt = 0x7f9c918d48d8 funcdecl_stmt->get_declarationModifier().isFriend()               = false 
firstNondefiningFunction = 0x7f9c94c70258 firstNondefiningFunction->get_declarationModifier().isFriend() = false 
TransformationSupport::getSourceFile(funcdecl_stmt = 0x7f9c918d48d8)->getFileName()              = /home/centos/CS_259/Project/GCN_FPGA/src/merlin/.merlin_prj/run/implement/code_transform/__merlinkernel_gcnconv_kernel.cpp 
TransformationSupport::getSourceFile(funcdecl_stmt->get_scope() = 0x7f9c9519c230)->getFileName() = /home/centos/CS_259/Project/GCN_FPGA/src/merlin/.merlin_prj/run/implement/code_transform/__merlinkernel_gcnconv_kernel.cpp 
TransformationSupport::getSourceFile(firstNondefiningFunction = 0x7f9c94c70258)->getFileName()   = /home/centos/CS_259/Project/GCN_FPGA/src/merlin/.merlin_prj/run/implement/code_transform/__merlinwrapper_gcnconv_kernel.cpp 
TransformationSupport::getSourceFile(firstNondefiningFunction->get_scope() = 0x7f9c9519c120)->getFileName() = /home/centos/CS_259/Project/GCN_FPGA/src/merlin/.merlin_prj/run/implement/code_transform/__merlinwrapper_gcnconv_kernel.cpp 
TransformationSupport::getSourceFile(funcdecl_stmt = 0x7f9c918d48d8)->getFileName()            = /home/centos/CS_259/Project/GCN_FPGA/src/merlin/.merlin_prj/run/implement/code_transform/__merlinkernel_gcnconv_kernel.cpp 
TransformationSupport::getSourceFile(firstNondefiningFunction = 0x7f9c94c70258)->getFileName() = /home/centos/CS_259/Project/GCN_FPGA/src/merlin/.merlin_prj/run/implement/code_transform/__merlinwrapper_gcnconv_kernel.cpp 
firstNondefiningFunction = 0x7f9c94c70258 
firstNondefiningFunction = __merlin_dummy_extern_int_merlin_include_G_ 
funcdecl_stmt = 0x7f9c918d48d8 funcdecl_stmt->get_scope()                                        = 0x7f9c9519c230 
funcdecl_stmt = 0x7f9c918d48d8 funcdecl_stmt->get_declarationModifier().isFriend()               = false 
firstNondefiningFunction = 0x7f9c94c70258 firstNondefiningFunction->get_declarationModifier().isFriend() = false 
TransformationSupport::getSourceFile(funcdecl_stmt = 0x7f9c918d48d8)->getFileName()              = /home/centos/CS_259/Project/GCN_FPGA/src/merlin/.merlin_prj/run/implement/code_transform/__merlinkernel_gcnconv_kernel.cpp 
TransformationSupport::getSourceFile(funcdecl_stmt->get_scope() = 0x7f9c9519c230)->getFileName() = /home/centos/CS_259/Project/GCN_FPGA/src/merlin/.merlin_prj/run/implement/code_transform/__merlinkernel_gcnconv_kernel.cpp 
TransformationSupport::getSourceFile(firstNondefiningFunction = 0x7f9c94c70258)->getFileName()   = /home/centos/CS_259/Project/GCN_FPGA/src/merlin/.merlin_prj/run/implement/code_transform/__merlinwrapper_gcnconv_kernel.cpp 
TransformationSupport::getSourceFile(firstNondefiningFunction->get_scope() = 0x7f9c9519c120)->getFileName() = /home/centos/CS_259/Project/GCN_FPGA/src/merlin/.merlin_prj/run/implement/code_transform/__merlinwrapper_gcnconv_kernel.cpp 
firstNondefiningFunction = 0x7f9c94c70258 
funcdecl_stmt = 0x7f9c918d4cc0 funcdecl_stmt->get_scope()                                        = 0x7f9c9519c230 
funcdecl_stmt = 0x7f9c918d4cc0 funcdecl_stmt->get_declarationModifier().isFriend()               = false 
firstNondefiningFunction = 0x7f9c94c70258 firstNondefiningFunction->get_declarationModifier().isFriend() = false 
TransformationSupport::getSourceFile(funcdecl_stmt = 0x7f9c918d4cc0)->getFileName()              = /home/centos/CS_259/Project/GCN_FPGA/src/merlin/.merlin_prj/run/implement/code_transform/__merlinkernel_gcnconv_kernel.cpp 
TransformationSupport::getSourceFile(funcdecl_stmt->get_scope() = 0x7f9c9519c230)->getFileName() = /home/centos/CS_259/Project/GCN_FPGA/src/merlin/.merlin_prj/run/implement/code_transform/__merlinkernel_gcnconv_kernel.cpp 
TransformationSupport::getSourceFile(firstNondefiningFunction = 0x7f9c94c70258)->getFileName()   = /home/centos/CS_259/Project/GCN_FPGA/src/merlin/.merlin_prj/run/implement/code_transform/__merlinwrapper_gcnconv_kernel.cpp 
TransformationSupport::getSourceFile(firstNondefiningFunction->get_scope() = 0x7f9c9519c120)->getFileName() = /home/centos/CS_259/Project/GCN_FPGA/src/merlin/.merlin_prj/run/implement/code_transform/__merlinwrapper_gcnconv_kernel.cpp 
TransformationSupport::getSourceFile(funcdecl_stmt = 0x7f9c918d4cc0)->getFileName()            = /home/centos/CS_259/Project/GCN_FPGA/src/merlin/.merlin_prj/run/implement/code_transform/__merlinkernel_gcnconv_kernel.cpp 
TransformationSupport::getSourceFile(firstNondefiningFunction = 0x7f9c94c70258)->getFileName() = /home/centos/CS_259/Project/GCN_FPGA/src/merlin/.merlin_prj/run/implement/code_transform/__merlinwrapper_gcnconv_kernel.cpp 
firstNondefiningFunction = 0x7f9c94c70258 
firstNondefiningFunction = __merlin_dummy_extern_int_merlin_include_G_ 
funcdecl_stmt = 0x7f9c918d4cc0 funcdecl_stmt->get_scope()                                        = 0x7f9c9519c230 
funcdecl_stmt = 0x7f9c918d4cc0 funcdecl_stmt->get_declarationModifier().isFriend()               = false 
firstNondefiningFunction = 0x7f9c94c70258 firstNondefiningFunction->get_declarationModifier().isFriend() = false 
TransformationSupport::getSourceFile(funcdecl_stmt = 0x7f9c918d4cc0)->getFileName()              = /home/centos/CS_259/Project/GCN_FPGA/src/merlin/.merlin_prj/run/implement/code_transform/__merlinkernel_gcnconv_kernel.cpp 
TransformationSupport::getSourceFile(funcdecl_stmt->get_scope() = 0x7f9c9519c230)->getFileName() = /home/centos/CS_259/Project/GCN_FPGA/src/merlin/.merlin_prj/run/implement/code_transform/__merlinkernel_gcnconv_kernel.cpp 
TransformationSupport::getSourceFile(firstNondefiningFunction = 0x7f9c94c70258)->getFileName()   = /home/centos/CS_259/Project/GCN_FPGA/src/merlin/.merlin_prj/run/implement/code_transform/__merlinwrapper_gcnconv_kernel.cpp 
TransformationSupport::getSourceFile(firstNondefiningFunction->get_scope() = 0x7f9c9519c120)->getFileName() = /home/centos/CS_259/Project/GCN_FPGA/src/merlin/.merlin_prj/run/implement/code_transform/__merlinwrapper_gcnconv_kernel.cpp 
firstNondefiningFunction = 0x7f9c94c70258 
funcdecl_stmt = 0x7f9c918d50a8 funcdecl_stmt->get_scope()                                        = 0x7f9c9519c230 
funcdecl_stmt = 0x7f9c918d50a8 funcdecl_stmt->get_declarationModifier().isFriend()               = false 
firstNondefiningFunction = 0x7f9c94c70258 firstNondefiningFunction->get_declarationModifier().isFriend() = false 
TransformationSupport::getSourceFile(funcdecl_stmt = 0x7f9c918d50a8)->getFileName()              = /home/centos/CS_259/Project/GCN_FPGA/src/merlin/.merlin_prj/run/implement/code_transform/__merlinkernel_gcnconv_kernel.cpp 
TransformationSupport::getSourceFile(funcdecl_stmt->get_scope() = 0x7f9c9519c230)->getFileName() = /home/centos/CS_259/Project/GCN_FPGA/src/merlin/.merlin_prj/run/implement/code_transform/__merlinkernel_gcnconv_kernel.cpp 
TransformationSupport::getSourceFile(firstNondefiningFunction = 0x7f9c94c70258)->getFileName()   = /home/centos/CS_259/Project/GCN_FPGA/src/merlin/.merlin_prj/run/implement/code_transform/__merlinwrapper_gcnconv_kernel.cpp 
TransformationSupport::getSourceFile(firstNondefiningFunction->get_scope() = 0x7f9c9519c120)->getFileName() = /home/centos/CS_259/Project/GCN_FPGA/src/merlin/.merlin_prj/run/implement/code_transform/__merlinwrapper_gcnconv_kernel.cpp 
TransformationSupport::getSourceFile(funcdecl_stmt = 0x7f9c918d50a8)->getFileName()            = /home/centos/CS_259/Project/GCN_FPGA/src/merlin/.merlin_prj/run/implement/code_transform/__merlinkernel_gcnconv_kernel.cpp 
TransformationSupport::getSourceFile(firstNondefiningFunction = 0x7f9c94c70258)->getFileName() = /home/centos/CS_259/Project/GCN_FPGA/src/merlin/.merlin_prj/run/implement/code_transform/__merlinwrapper_gcnconv_kernel.cpp 
firstNondefiningFunction = 0x7f9c94c70258 
firstNondefiningFunction = __merlin_dummy_extern_int_merlin_include_G_ 
funcdecl_stmt = 0x7f9c918d50a8 funcdecl_stmt->get_scope()                                        = 0x7f9c9519c230 
funcdecl_stmt = 0x7f9c918d50a8 funcdecl_stmt->get_declarationModifier().isFriend()               = false 
firstNondefiningFunction = 0x7f9c94c70258 firstNondefiningFunction->get_declarationModifier().isFriend() = false 
TransformationSupport::getSourceFile(funcdecl_stmt = 0x7f9c918d50a8)->getFileName()              = /home/centos/CS_259/Project/GCN_FPGA/src/merlin/.merlin_prj/run/implement/code_transform/__merlinkernel_gcnconv_kernel.cpp 
TransformationSupport::getSourceFile(funcdecl_stmt->get_scope() = 0x7f9c9519c230)->getFileName() = /home/centos/CS_259/Project/GCN_FPGA/src/merlin/.merlin_prj/run/implement/code_transform/__merlinkernel_gcnconv_kernel.cpp 
TransformationSupport::getSourceFile(firstNondefiningFunction = 0x7f9c94c70258)->getFileName()   = /home/centos/CS_259/Project/GCN_FPGA/src/merlin/.merlin_prj/run/implement/code_transform/__merlinwrapper_gcnconv_kernel.cpp 
TransformationSupport::getSourceFile(firstNondefiningFunction->get_scope() = 0x7f9c9519c120)->getFileName() = /home/centos/CS_259/Project/GCN_FPGA/src/merlin/.merlin_prj/run/implement/code_transform/__merlinwrapper_gcnconv_kernel.cpp 
firstNondefiningFunction = 0x7f9c94c70258 
funcdecl_stmt = 0x7f9c918d5490 funcdecl_stmt->get_scope()                                        = 0x7f9c9519c230 
funcdecl_stmt = 0x7f9c918d5490 funcdecl_stmt->get_declarationModifier().isFriend()               = false 
firstNondefiningFunction = 0x7f9c94c70258 firstNondefiningFunction->get_declarationModifier().isFriend() = false 
TransformationSupport::getSourceFile(funcdecl_stmt = 0x7f9c918d5490)->getFileName()              = /home/centos/CS_259/Project/GCN_FPGA/src/merlin/.merlin_prj/run/implement/code_transform/__merlinkernel_gcnconv_kernel.cpp 
TransformationSupport::getSourceFile(funcdecl_stmt->get_scope() = 0x7f9c9519c230)->getFileName() = /home/centos/CS_259/Project/GCN_FPGA/src/merlin/.merlin_prj/run/implement/code_transform/__merlinkernel_gcnconv_kernel.cpp 
TransformationSupport::getSourceFile(firstNondefiningFunction = 0x7f9c94c70258)->getFileName()   = /home/centos/CS_259/Project/GCN_FPGA/src/merlin/.merlin_prj/run/implement/code_transform/__merlinwrapper_gcnconv_kernel.cpp 
TransformationSupport::getSourceFile(firstNondefiningFunction->get_scope() = 0x7f9c9519c120)->getFileName() = /home/centos/CS_259/Project/GCN_FPGA/src/merlin/.merlin_prj/run/implement/code_transform/__merlinwrapper_gcnconv_kernel.cpp 
TransformationSupport::getSourceFile(funcdecl_stmt = 0x7f9c918d5490)->getFileName()            = /home/centos/CS_259/Project/GCN_FPGA/src/merlin/.merlin_prj/run/implement/code_transform/__merlinkernel_gcnconv_kernel.cpp 
TransformationSupport::getSourceFile(firstNondefiningFunction = 0x7f9c94c70258)->getFileName() = /home/centos/CS_259/Project/GCN_FPGA/src/merlin/.merlin_prj/run/implement/code_transform/__merlinwrapper_gcnconv_kernel.cpp 
firstNondefiningFunction = 0x7f9c94c70258 
firstNondefiningFunction = __merlin_dummy_extern_int_merlin_include_G_ 
funcdecl_stmt = 0x7f9c918d5490 funcdecl_stmt->get_scope()                                        = 0x7f9c9519c230 
funcdecl_stmt = 0x7f9c918d5490 funcdecl_stmt->get_declarationModifier().isFriend()               = false 
firstNondefiningFunction = 0x7f9c94c70258 firstNondefiningFunction->get_declarationModifier().isFriend() = false 
TransformationSupport::getSourceFile(funcdecl_stmt = 0x7f9c918d5490)->getFileName()              = /home/centos/CS_259/Project/GCN_FPGA/src/merlin/.merlin_prj/run/implement/code_transform/__merlinkernel_gcnconv_kernel.cpp 
TransformationSupport::getSourceFile(funcdecl_stmt->get_scope() = 0x7f9c9519c230)->getFileName() = /home/centos/CS_259/Project/GCN_FPGA/src/merlin/.merlin_prj/run/implement/code_transform/__merlinkernel_gcnconv_kernel.cpp 
TransformationSupport::getSourceFile(firstNondefiningFunction = 0x7f9c94c70258)->getFileName()   = /home/centos/CS_259/Project/GCN_FPGA/src/merlin/.merlin_prj/run/implement/code_transform/__merlinwrapper_gcnconv_kernel.cpp 
TransformationSupport::getSourceFile(firstNondefiningFunction->get_scope() = 0x7f9c9519c120)->getFileName() = /home/centos/CS_259/Project/GCN_FPGA/src/merlin/.merlin_prj/run/implement/code_transform/__merlinwrapper_gcnconv_kernel.cpp 
firstNondefiningFunction = 0x7f9c94c715e0 
funcdecl_stmt = 0x7f9c918d21c8 funcdecl_stmt->get_scope()                                        = 0x7f9c9519c230 
funcdecl_stmt = 0x7f9c918d21c8 funcdecl_stmt->get_declarationModifier().isFriend()               = false 
firstNondefiningFunction = 0x7f9c94c715e0 firstNondefiningFunction->get_declarationModifier().isFriend() = false 
TransformationSupport::getSourceFile(funcdecl_stmt = 0x7f9c918d21c8)->getFileName()              = /home/centos/CS_259/Project/GCN_FPGA/src/merlin/.merlin_prj/run/implement/code_transform/__merlinkernel_gcnconv_kernel.cpp 
TransformationSupport::getSourceFile(funcdecl_stmt->get_scope() = 0x7f9c9519c230)->getFileName() = /home/centos/CS_259/Project/GCN_FPGA/src/merlin/.merlin_prj/run/implement/code_transform/__merlinkernel_gcnconv_kernel.cpp 
TransformationSupport::getSourceFile(firstNondefiningFunction = 0x7f9c94c715e0)->getFileName()   = /home/centos/CS_259/Project/GCN_FPGA/src/merlin/.merlin_prj/run/implement/code_transform/__merlinwrapper_gcnconv_kernel.cpp 
TransformationSupport::getSourceFile(firstNondefiningFunction->get_scope() = 0x7f9c9519c230)->getFileName() = /home/centos/CS_259/Project/GCN_FPGA/src/merlin/.merlin_prj/run/implement/code_transform/__merlinkernel_gcnconv_kernel.cpp 
TransformationSupport::getSourceFile(funcdecl_stmt = 0x7f9c918d21c8)->getFileName()            = /home/centos/CS_259/Project/GCN_FPGA/src/merlin/.merlin_prj/run/implement/code_transform/__merlinkernel_gcnconv_kernel.cpp 
TransformationSupport::getSourceFile(firstNondefiningFunction = 0x7f9c94c715e0)->getFileName() = /home/centos/CS_259/Project/GCN_FPGA/src/merlin/.merlin_prj/run/implement/code_transform/__merlinwrapper_gcnconv_kernel.cpp 
firstNondefiningFunction = 0x7f9c94c715e0 
firstNondefiningFunction = gcnconv_kernel 
funcdecl_stmt = 0x7f9c918d21c8 funcdecl_stmt->get_scope()                                        = 0x7f9c9519c230 
funcdecl_stmt = 0x7f9c918d21c8 funcdecl_stmt->get_declarationModifier().isFriend()               = false 
firstNondefiningFunction = 0x7f9c94c715e0 firstNondefiningFunction->get_declarationModifier().isFriend() = false 
TransformationSupport::getSourceFile(funcdecl_stmt = 0x7f9c918d21c8)->getFileName()              = /home/centos/CS_259/Project/GCN_FPGA/src/merlin/.merlin_prj/run/implement/code_transform/__merlinkernel_gcnconv_kernel.cpp 
TransformationSupport::getSourceFile(funcdecl_stmt->get_scope() = 0x7f9c9519c230)->getFileName() = /home/centos/CS_259/Project/GCN_FPGA/src/merlin/.merlin_prj/run/implement/code_transform/__merlinkernel_gcnconv_kernel.cpp 
TransformationSupport::getSourceFile(firstNondefiningFunction = 0x7f9c94c715e0)->getFileName()   = /home/centos/CS_259/Project/GCN_FPGA/src/merlin/.merlin_prj/run/implement/code_transform/__merlinwrapper_gcnconv_kernel.cpp 
TransformationSupport::getSourceFile(firstNondefiningFunction->get_scope() = 0x7f9c9519c230)->getFileName() = /home/centos/CS_259/Project/GCN_FPGA/src/merlin/.merlin_prj/run/implement/code_transform/__merlinkernel_gcnconv_kernel.cpp 
