debug mode

====== Typedef replace ========>
=> nondefine func Orig: SgFunctionDeclaration:void __merlin_dummy_extern_int_merlin_include_G_() {...}
=> nondefine func REPLACE: SgFunctionDeclaration:void __merlin_dummy_extern_int_merlin_include_G_() {...}
=> nondefine func Orig: SgFunctionDeclaration:void __merlin_dummy_extern_int_merlin_include_G_() {...}
=> nondefine func REPLACE: SgFunctionDeclaration:void __merlin_dummy_extern_int_merlin_include_G_() {...}
=> nondefine func Orig: SgFunctionDeclaration:void __merlin_dummy_extern_int_merlin_include_G_() {...}
=> nondefine func REPLACE: SgFunctionDeclaration:void __merlin_dummy_extern_int_merlin_include_G_() {...}
=> nondefine func Orig: SgFunctionDeclaration:void __merlin_dummy_889() {...}
=> nondefine func REPLACE: SgFunctionDeclaration:void __merlin_dummy_889() {...}
=> nondefine func Orig: SgFunctionDeclaration:void gcnconv_kernel(float [19717 * 500] x,float [500 * 16] weight,int [2 *(88648 + 197... edge_index,float [19717 * 16] result) {...}
=> nondefine func REPLACE: SgFunctionDeclaration:void gcnconv_kernel(float [19717 * 500] x,float [500 * 16] weight,int [2 *(88648 + 197... edge_index,float [19717 * 16] result) {...}
=> nondefine func Orig: SgFunctionDeclaration:void __merlin_dummy_extern_int_merlin_include_L_() {...}
=> nondefine func REPLACE: SgFunctionDeclaration:void __merlin_dummy_extern_int_merlin_include_L_() {...}
=> nondefine func Orig: SgFunctionDeclaration:void __merlin_dummy_extern_int_merlin_include_L_() {...}
=> nondefine func REPLACE: SgFunctionDeclaration:void __merlin_dummy_extern_int_merlin_include_L_() {...}
=> nondefine func Orig: SgFunctionDeclaration:void __merlin_dummy_extern_int_merlin_include_G_() {...}
=> nondefine func REPLACE: SgFunctionDeclaration:void __merlin_dummy_extern_int_merlin_include_G_() {...}
=> nondefine func Orig: SgFunctionDeclaration:void __merlin_dummy_extern_int_merlin_include_G_() {...}
=> nondefine func REPLACE: SgFunctionDeclaration:void __merlin_dummy_extern_int_merlin_include_G_() {...}
=> nondefine func Orig: SgFunctionDeclaration:void __merlin_dummy_extern_int_merlin_include_G_() {...}
=> nondefine func REPLACE: SgFunctionDeclaration:void __merlin_dummy_extern_int_merlin_include_G_() {...}
=> nondefine func Orig: SgFunctionDeclaration:void __merlin_dummy_kernel_pragma() {...}
=> nondefine func REPLACE: SgFunctionDeclaration:void __merlin_dummy_kernel_pragma() {...}
FUNC in: SgFunctionDeclaration:void gcnconv_kernel(float [19717 * 500] x,float [500 * 16] weight,int [2 *(88648 + 197... edge_index,float [19717 * 16] result) {...}
[print topo:]1
[print topo:]12
==============================================
-----=# Coarse Parallel Optimization Start#=----
==============================================
[print topo:]1
[MARS-CGPAP-MSG] The target loop is a fine-grained loop.
============================================
[MARS-CGPAP-MSG] The target loop is a fine-grained loop.
============================================
============================================
-----=# Coarse Parallel Optimization End#=----
============================================

mars_opt  __merlinwrapper_gcnconv_kernel.cpp __merlinkernel_gcnconv_kernel.cpp  -e c -p coarse_parallel  -a impl_tool=sdaccel -a effort=standard -a generate_l2_api=on -a debug_mode=debug  -I/home/centos/CS_259/Project/GCN_FPGA/src/merlin -I/home/centos/CS_259/Project/GCN_FPGA/src/merlin/./ -I/opt/merlin/build/..//mars-gen/lib/merlin -I /opt/merlin/build/..//mars-gen/lib/merlin -I /opt/merlin/build/..//source-opt/include/apint_include -a cflags="-D XILINX"
mars_opt  __merlinwrapper_gcnconv_kernel.cpp __merlinkernel_gcnconv_kernel.cpp  -e c -p coarse_parallel  -a impl_tool=sdaccel -a effort=standard -a generate_l2_api=on -a debug_mode=debug  -I/home/centos/CS_259/Project/GCN_FPGA/src/merlin -I/home/centos/CS_259/Project/GCN_FPGA/src/merlin/./ -I/opt/merlin/build/..//mars-gen/lib/merlin -I /opt/merlin/build/..//mars-gen/lib/merlin -I /opt/merlin/build/..//source-opt/include/apint_include -a cflags="-D XILINX"
