Attempting to get a license: ap_opencl
Feature available: ap_opencl
INFO: [XOCC 60-1306] Additional information associated with this xocc compile can be found at:
	Reports: /home/centos/CS_259/Project/GCN_FPGA/src/merlin/.merlin_prj/run/implement/exec/hls/_x/reports/gcnconv_kernel
	Log files: /home/centos/CS_259/Project/GCN_FPGA/src/merlin/.merlin_prj/run/implement/exec/hls/_x/logs/gcnconv_kernel
INFO: [XOCC 60-585] Compiling for hardware emulation target
WARNING: [XOCC 60-1216] --report/-r option has been deprecated. Please use --report_level/-R estimate to generate an estimate report file for software emulation
INFO: [XOCC 60-1316] Initiating connection to rulecheck server, at Thu Dec 12 01:07:09 2019
INFO: [XOCC 60-1315] Creating rulecheck session with output '/home/centos/CS_259/Project/GCN_FPGA/src/merlin/.merlin_prj/run/implement/exec/hls/_x/reports/gcnconv_kernel/xocc_compile_gcnconv_kernel_guidance.html', at Thu Dec 12 01:07:10 2019
INFO: [XOCC 60-895]   Target platform: /opt/Xilinx/SDx/2019.1.op2552052/platforms/xilinx_aws-vu9p-f1-04261818_dynamic_5_0/xilinx_aws-vu9p-f1-04261818_dynamic_5_0.xpfm
INFO: [XOCC 60-1302] Platform 'xilinx_aws-vu9p-f1-04261818_dynamic_5_0.xpfm' has been explicitly enabled for this release. Reason: Business decision to provide support
INFO: [XOCC 60-423]   Target device: xilinx_aws-vu9p-f1-04261818_dynamic_5_0
INFO: [XOCC 60-242] Creating kernel: 'gcnconv_kernel'

===>The following messages were generated while  performing high-level synthesis for kernel: gcnconv_kernel Log file: /home/centos/CS_259/Project/GCN_FPGA/src/merlin/.merlin_prj/run/implement/exec/hls/_x/gcnconv_kernel/gcnconv_kernel/vivado_hls.log :
INFO: [XOCC 204-61] Option 'relax_ii_for_timing' is enabled, will increase II to preserve clock frequency constraints.
INFO: [XOCC 204-61] Pipelining loop 'merlinL0'.
INFO: [XOCC 204-61] Pipelining result : Target II = 1, Final II = 1, Depth = 10.
INFO: [XOCC 204-61] Pipelining loop 'merlinL1'.
INFO: [XOCC 204-61] Pipelining result : Target II = 1, Final II = 15, Depth = 16.
INFO: [XOCC 204-61] Pipelining loop 'merlinL2'.
INFO: [XOCC 204-61] Pipelining result : Target II = 1, Final II = 1, Depth = 10.
INFO: [XOCC 204-61] Pipelining loop 'merlinL3'.
INFO: [XOCC 204-61] Pipelining result : Target II = 1, Final II = 1, Depth = 10.
INFO: [XOCC 204-61] Pipelining loop 'merlinL4'.
INFO: [XOCC 204-61] Pipelining result : Target II = 1, Final II = 1, Depth = 10.
INFO: [XOCC 204-61] Pipelining loop 'L2'.
INFO: [XOCC 204-61] Pipelining result : Target II = 1, Final II = 1, Depth = 3.
INFO: [XOCC 204-61] Pipelining loop 'L2'.
WARNING: [XOCC 204-69] Unable to schedule bus request on port 'gmem' (/home/centos/CS_259/Project/GCN_FPGA/src/merlin/.merlin_prj/run/implement/exec/hls/memcpy_512.h:32->/home/centos/CS_259/Project/GCN_FPGA/src/merlin/.merlin_prj/run/implement/exec/hls/mars_wide_bus.h:3519->/home/centos/CS_259/Project/GCN_FPGA/src/merlin/.merlin_prj/run/implement/exec/hls/__merlinkernel_gcnconv_kernel.cpp:174) due to limited memory ports. Please consider using a memory core with more ports or partitioning the array.
INFO: [XOCC 204-61] Pipelining result : Target II = 1, Final II = 9, Depth = 18.
INFO: [XOCC 204-61] Pipelining loop 'matrixumuluk0'.
INFO: [XOCC 204-61] Pipelining result : Target II = 1, Final II = 7, Depth = 13.
INFO: [XOCC 204-61] Pipelining loop 'assignuindexui0'.
INFO: [XOCC 204-61] Pipelining result : Target II = 1, Final II = 1, Depth = 1.
INFO: [XOCC 204-61] Pipelining loop 'assignuweight0'.
INFO: [XOCC 204-61] Pipelining result : Target II = 1, Final II = 1, Depth = 1.
INFO: [XOCC 204-61] Pipelining loop 'incudegree0'.
INFO: [XOCC 204-61] Pipelining result : Target II = 1, Final II = 10, Depth = 11.
INFO: [XOCC 204-61] Pipelining loop 'invert'.
INFO: [XOCC 204-61] Pipelining result : Target II = 1, Final II = 1, Depth = 16.
INFO: [XOCC 204-61] Pipelining loop 'assignunorm0'.
INFO: [XOCC 204-61] Pipelining result : Target II = 1, Final II = 1, Depth = 12.
INFO: [XOCC 204-61] Pipelining loop 'calcuresultui0'.
INFO: [XOCC 204-61] Pipelining result : Target II = 1, Final II = 21, Depth = 23.
INFO: [XOCC 60-594] Finished kernel compilation
INFO: [XOCC 60-244] Generating system estimate report...
INFO: [XOCC 60-1092] Generated system estimate report: /home/centos/CS_259/Project/GCN_FPGA/src/merlin/.merlin_prj/run/implement/exec/hls/_x/reports/gcnconv_kernel/system_estimate_gcnconv_kernel.xtxt
INFO: [XOCC 60-586] Created gcnconv_kernel.xo
INFO: [XOCC 60-791] Total elapsed time: 0h 1m 8s
