debug mode

====== Typedef replace ========>
=> nondefine func Orig: SgFunctionDeclaration:void __merlin_dummy_extern_int_merlin_include_G_() {...}
=> nondefine func REPLACE: SgFunctionDeclaration:void __merlin_dummy_extern_int_merlin_include_G_() {...}
=> nondefine func Orig: SgFunctionDeclaration:void __merlin_dummy_extern_int_merlin_include_G_() {...}
=> nondefine func REPLACE: SgFunctionDeclaration:void __merlin_dummy_extern_int_merlin_include_G_() {...}
=> nondefine func Orig: SgFunctionDeclaration:void __merlin_dummy_kernel_pragma() {...}
=> nondefine func REPLACE: SgFunctionDeclaration:void __merlin_dummy_kernel_pragma() {...}
=> nondefine func Orig: SgFunctionDeclaration:void __merlin_dummy_889() {...}
=> nondefine func REPLACE: SgFunctionDeclaration:void __merlin_dummy_889() {...}
=> nondefine func Orig: SgFunctionDeclaration:void gcnconv_kernel(float [19717 * 500] x,float [500 * 16] weight,int [2 *(88648 + 197... edge_index,float [19717 * 16] result) {...}
=> nondefine func REPLACE: SgFunctionDeclaration:void gcnconv_kernel(float [19717 * 500] x,float [500 * 16] weight,int [2 *(88648 + 197... edge_index,float [19717 * 16] result) {...}
=> nondefine func Orig: SgFunctionDeclaration:void __merlin_dummy_extern_int_merlin_include_L_() {...}
=> nondefine func REPLACE: SgFunctionDeclaration:void __merlin_dummy_extern_int_merlin_include_L_() {...}
=> nondefine func Orig: SgFunctionDeclaration:void __merlin_dummy_extern_int_merlin_include_L_() {...}
=> nondefine func REPLACE: SgFunctionDeclaration:void __merlin_dummy_extern_int_merlin_include_L_() {...}

====== Typedef replace ========>
=> nondefine func Orig: SgFunctionDeclaration:void __merlin_dummy_extern_int_merlin_include_G_() {...}
=> nondefine func REPLACE: SgFunctionDeclaration:void __merlin_dummy_extern_int_merlin_include_G_() {...}
=> nondefine func Orig: SgFunctionDeclaration:void __merlin_dummy_extern_int_merlin_include_G_() {...}
=> nondefine func REPLACE: SgFunctionDeclaration:void __merlin_dummy_extern_int_merlin_include_G_() {...}
=> nondefine func Orig: SgFunctionDeclaration:void __merlin_dummy_kernel_pragma() {...}
=> nondefine func REPLACE: SgFunctionDeclaration:void __merlin_dummy_kernel_pragma() {...}
=> nondefine func Orig: SgFunctionDeclaration:void __merlin_dummy_889() {...}
=> nondefine func REPLACE: SgFunctionDeclaration:void __merlin_dummy_889() {...}
=> nondefine func Orig: SgFunctionDeclaration:void gcnconv_kernel(float [19717 * 500] x,float [500 * 16] weight,int [2 *(88648 + 197... edge_index,float [19717 * 16] result) {...}
=> nondefine func REPLACE: SgFunctionDeclaration:void gcnconv_kernel(float [19717 * 500] x,float [500 * 16] weight,int [2 *(88648 + 197... edge_index,float [19717 * 16] result) {...}
=> nondefine func Orig: SgFunctionDeclaration:void __merlin_dummy_extern_int_merlin_include_L_() {...}
=> nondefine func REPLACE: SgFunctionDeclaration:void __merlin_dummy_extern_int_merlin_include_L_() {...}
=> nondefine func Orig: SgFunctionDeclaration:void __merlin_dummy_extern_int_merlin_include_L_() {...}
=> nondefine func REPLACE: SgFunctionDeclaration:void __merlin_dummy_extern_int_merlin_include_L_() {...}

====== Global2Port Conversion ========>
--result[0] 315472
--edge_index[0] 216730
--weight[0] 8000
--x[0] 9858500
mars_opt  __merlinkernel_gcnconv_kernel.cpp __merlinwrapper_gcnconv_kernel.cpp  -e c -p postwrap_process  -a impl_tool=sdaccel -a effort=standard -a generate_l2_api=on -a global_convert=true -a debug_mode=debug  -I/home/centos/CS_259/Project/GCN_FPGA/src/merlin -I/home/centos/CS_259/Project/GCN_FPGA/src/merlin/./ -I/opt/merlin/build/..//mars-gen/lib/merlin -I /opt/merlin/build/..//mars-gen/lib/merlin -I /opt/merlin/build/..//source-opt/include/apint_include -a cflags="-D XILINX"
mars_opt  __merlinkernel_gcnconv_kernel.cpp __merlinwrapper_gcnconv_kernel.cpp  -e c -p postwrap_process  -a impl_tool=sdaccel -a effort=standard -a generate_l2_api=on -a global_convert=true -a debug_mode=debug  -I/home/centos/CS_259/Project/GCN_FPGA/src/merlin -I/home/centos/CS_259/Project/GCN_FPGA/src/merlin/./ -I/opt/merlin/build/..//mars-gen/lib/merlin -I /opt/merlin/build/..//mars-gen/lib/merlin -I /opt/merlin/build/..//source-opt/include/apint_include -a cflags="-D XILINX"
