#-----------------------------------------------------------
# Vivado v2019.1.op (64-bit)
# SW Build 2552052 on Fri May 24 14:47:09 MDT 2019
# IP Build 2548770 on Fri May 24 18:01:18 MDT 2019
# Start of session at: Thu Dec 12 01:07:51 2019
# Process ID: 1515
# Current directory: /home/centos/CS_259/Project/GCN_FPGA/src/merlin/.merlin_prj/run/implement/exec/hls/_x/gcnconv_kernel/gcnconv_kernel/gcnconv_kernel/solution/impl/ip
# Command line: vivado -notrace -mode batch -source run_ippack.tcl
# Log file: /home/centos/CS_259/Project/GCN_FPGA/src/merlin/.merlin_prj/run/implement/exec/hls/_x/gcnconv_kernel/gcnconv_kernel/gcnconv_kernel/solution/impl/ip/vivado.log
# Journal file: /home/centos/CS_259/Project/GCN_FPGA/src/merlin/.merlin_prj/run/implement/exec/hls/_x/gcnconv_kernel/gcnconv_kernel/gcnconv_kernel/solution/impl/ip/vivado.jou
#-----------------------------------------------------------
source run_ippack.tcl -notrace
INFO: [IP_Flow 19-234] Refreshing IP repositories
INFO: [IP_Flow 19-1704] No user IP repositories specified
INFO: [IP_Flow 19-2313] Loaded Vivado IP repository '/opt/Xilinx/Vivado/2019.1.op2552052/data/ip'.
WARNING: [IP_Flow 19-4832] The IP name 'gcnconv_kernel_gcnconv_kernel_ap_fadd_5_full_dsp_32' you have specified is long. The Windows operating system has path length limitations. It is recommended you use shorter names to reduce the likelihood of issues.
create_ip: Time (s): cpu = 00:00:03 ; elapsed = 00:00:07 . Memory (MB): peak = 1396.215 ; gain = 42.133 ; free physical = 27713 ; free virtual = 50681
INFO: [IP_Flow 19-1686] Generating 'Synthesis' target for IP 'gcnconv_kernel_gcnconv_kernel_ap_fadd_5_full_dsp_32'...
INFO: [IP_Flow 19-1686] Generating 'Simulation' target for IP 'gcnconv_kernel_gcnconv_kernel_ap_fadd_5_full_dsp_32'...
WARNING: [IP_Flow 19-4832] The IP name 'gcnconv_kernel_gcnconv_kernel_ap_fmul_2_max_dsp_32' you have specified is long. The Windows operating system has path length limitations. It is recommended you use shorter names to reduce the likelihood of issues.
INFO: [IP_Flow 19-1686] Generating 'Synthesis' target for IP 'gcnconv_kernel_gcnconv_kernel_ap_fmul_2_max_dsp_32'...
INFO: [IP_Flow 19-1686] Generating 'Simulation' target for IP 'gcnconv_kernel_gcnconv_kernel_ap_fmul_2_max_dsp_32'...
WARNING: [IP_Flow 19-4832] The IP name 'gcnconv_kernel_gcnconv_kernel_ap_frsqrt_11_full_dsp_32' you have specified is long. The Windows operating system has path length limitations. It is recommended you use shorter names to reduce the likelihood of issues.
INFO: [IP_Flow 19-1686] Generating 'Synthesis' target for IP 'gcnconv_kernel_gcnconv_kernel_ap_frsqrt_11_full_dsp_32'...
INFO: [IP_Flow 19-1686] Generating 'Simulation' target for IP 'gcnconv_kernel_gcnconv_kernel_ap_frsqrt_11_full_dsp_32'...
INFO: [IP_Flow 19-234] Refreshing IP repositories
INFO: [IP_Flow 19-1704] No user IP repositories specified
INFO: [IP_Flow 19-2313] Loaded Vivado IP repository '/opt/Xilinx/Vivado/2019.1.op2552052/data/ip'.
INFO: [Common 17-206] Exiting Vivado at Thu Dec 12 01:08:16 2019...
