g++: error: unrecognized command line option '--'
g++: error: unrecognized command line option '--'
g++: error: unrecognized command line option '--'
g++: error: unrecognized command line option '--'
g++: error: unrecognized command line option '--'
     = false 
firstNondefiningFunction = 0x7f3ac44d0258 firstNondefiningFunction->get_declarationModifier().isFriend() = false 
TransformationSupport::getSourceFile(funcdecl_stmt = 0x7f3ac11344f0)->getFileName()              = /home/centos/CS_259/Project/GCN_FPGA/src/merlin/.merlin_prj/run/implement/opencl/final_code_gen/__merlinkernel_gcnconv_kernel.cpp 
TransformationSupport::getSourceFile(funcdecl_stmt->get_scope() = 0x7f3ac49fc230)->getFileName() = /home/centos/CS_259/Project/GCN_FPGA/src/merlin/.merlin_prj/run/implement/opencl/final_code_gen/__merlinkernel_gcnconv_kernel.cpp 
TransformationSupport::getSourceFile(firstNondefiningFunction = 0x7f3ac44d0258)->getFileName()   = /home/centos/CS_259/Project/GCN_FPGA/src/merlin/.merlin_prj/run/implement/opencl/final_code_gen/__merlinwrapper_gcnconv_kernel.cpp 
TransformationSupport::getSourceFile(firstNondefiningFunction->get_scope() = 0x7f3ac49fc120)->getFileName() = /home/centos/CS_259/Project/GCN_FPGA/src/merlin/.merlin_prj/run/implement/opencl/final_code_gen/__merlinwrapper_gcnconv_kernel.cpp 
TransformationSupport::getSourceFile(funcdecl_stmt = 0x7f3ac11344f0)->getFileName()            = /home/centos/CS_259/Project/GCN_FPGA/src/merlin/.merlin_prj/run/implement/opencl/final_code_gen/__merlinkernel_gcnconv_kernel.cpp 
TransformationSupport::getSourceFile(firstNondefiningFunction = 0x7f3ac44d0258)->getFileName() = /home/centos/CS_259/Project/GCN_FPGA/src/merlin/.merlin_prj/run/implement/opencl/final_code_gen/__merlinwrapper_gcnconv_kernel.cpp 
firstNondefiningFunction = 0x7f3ac44d0258 
firstNondefiningFunction = __merlin_dummy_extern_int_merlin_include_G_ 
funcdecl_stmt = 0x7f3ac11344f0 funcdecl_stmt->get_scope()                                        = 0x7f3ac49fc230 
funcdecl_stmt = 0x7f3ac11344f0 funcdecl_stmt->get_declarationModifier().isFriend()               = false 
firstNondefiningFunction = 0x7f3ac44d0258 firstNondefiningFunction->get_declarationModifier().isFriend() = false 
TransformationSupport::getSourceFile(funcdecl_stmt = 0x7f3ac11344f0)->getFileName()              = /home/centos/CS_259/Project/GCN_FPGA/src/merlin/.merlin_prj/run/implement/opencl/final_code_gen/__merlinkernel_gcnconv_kernel.cpp 
TransformationSupport::getSourceFile(funcdecl_stmt->get_scope() = 0x7f3ac49fc230)->getFileName() = /home/centos/CS_259/Project/GCN_FPGA/src/merlin/.merlin_prj/run/implement/opencl/final_code_gen/__merlinkernel_gcnconv_kernel.cpp 
TransformationSupport::getSourceFile(firstNondefiningFunction = 0x7f3ac44d0258)->getFileName()   = /home/centos/CS_259/Project/GCN_FPGA/src/merlin/.merlin_prj/run/implement/opencl/final_code_gen/__merlinwrapper_gcnconv_kernel.cpp 
TransformationSupport::getSourceFile(firstNondefiningFunction->get_scope() = 0x7f3ac49fc120)->getFileName() = /home/centos/CS_259/Project/GCN_FPGA/src/merlin/.merlin_prj/run/implement/opencl/final_code_gen/__merlinwrapper_gcnconv_kernel.cpp 
firstNondefiningFunction = 0x7f3ac44d0258 
funcdecl_stmt = 0x7f3ac11348d8 funcdecl_stmt->get_scope()                                        = 0x7f3ac49fc230 
funcdecl_stmt = 0x7f3ac11348d8 funcdecl_stmt->get_declarationModifier().isFriend()               = false 
firstNondefiningFunction = 0x7f3ac44d0258 firstNondefiningFunction->get_declarationModifier().isFriend() = false 
TransformationSupport::getSourceFile(funcdecl_stmt = 0x7f3ac11348d8)->getFileName()              = /home/centos/CS_259/Project/GCN_FPGA/src/merlin/.merlin_prj/run/implement/opencl/final_code_gen/__merlinkernel_gcnconv_kernel.cpp 
TransformationSupport::getSourceFile(funcdecl_stmt->get_scope() = 0x7f3ac49fc230)->getFileName() = /home/centos/CS_259/Project/GCN_FPGA/src/merlin/.merlin_prj/run/implement/opencl/final_code_gen/__merlinkernel_gcnconv_kernel.cpp 
TransformationSupport::getSourceFile(firstNondefiningFunction = 0x7f3ac44d0258)->getFileName()   = /home/centos/CS_259/Project/GCN_FPGA/src/merlin/.merlin_prj/run/implement/opencl/final_code_gen/__merlinwrapper_gcnconv_kernel.cpp 
TransformationSupport::getSourceFile(firstNondefiningFunction->get_scope() = 0x7f3ac49fc120)->getFileName() = /home/centos/CS_259/Project/GCN_FPGA/src/merlin/.merlin_prj/run/implement/opencl/final_code_gen/__merlinwrapper_gcnconv_kernel.cpp 
TransformationSupport::getSourceFile(funcdecl_stmt = 0x7f3ac11348d8)->getFileName()            = /home/centos/CS_259/Project/GCN_FPGA/src/merlin/.merlin_prj/run/implement/opencl/final_code_gen/__merlinkernel_gcnconv_kernel.cpp 
TransformationSupport::getSourceFile(firstNondefiningFunction = 0x7f3ac44d0258)->getFileName() = /home/centos/CS_259/Project/GCN_FPGA/src/merlin/.merlin_prj/run/implement/opencl/final_code_gen/__merlinwrapper_gcnconv_kernel.cpp 
firstNondefiningFunction = 0x7f3ac44d0258 
firstNondefiningFunction = __merlin_dummy_extern_int_merlin_include_G_ 
funcdecl_stmt = 0x7f3ac11348d8 funcdecl_stmt->get_scope()                                        = 0x7f3ac49fc230 
funcdecl_stmt = 0x7f3ac11348d8 funcdecl_stmt->get_declarationModifier().isFriend()               = false 
firstNondefiningFunction = 0x7f3ac44d0258 firstNondefiningFunction->get_declarationModifier().isFriend() = false 
TransformationSupport::getSourceFile(funcdecl_stmt = 0x7f3ac11348d8)->getFileName()              = /home/centos/CS_259/Project/GCN_FPGA/src/merlin/.merlin_prj/run/implement/opencl/final_code_gen/__merlinkernel_gcnconv_kernel.cpp 
TransformationSupport::getSourceFile(funcdecl_stmt->get_scope() = 0x7f3ac49fc230)->getFileName() = /home/centos/CS_259/Project/GCN_FPGA/src/merlin/.merlin_prj/run/implement/opencl/final_code_gen/__merlinkernel_gcnconv_kernel.cpp 
TransformationSupport::getSourceFile(firstNondefiningFunction = 0x7f3ac44d0258)->getFileName()   = /home/centos/CS_259/Project/GCN_FPGA/src/merlin/.merlin_prj/run/implement/opencl/final_code_gen/__merlinwrapper_gcnconv_kernel.cpp 
TransformationSupport::getSourceFile(firstNondefiningFunction->get_scope() = 0x7f3ac49fc120)->getFileName() = /home/centos/CS_259/Project/GCN_FPGA/src/merlin/.merlin_prj/run/implement/opencl/final_code_gen/__merlinwrapper_gcnconv_kernel.cpp 
firstNondefiningFunction = 0x7f3ac44d0258 
funcdecl_stmt = 0x7f3ac1134cc0 funcdecl_stmt->get_scope()                                        = 0x7f3ac49fc230 
funcdecl_stmt = 0x7f3ac1134cc0 funcdecl_stmt->get_declarationModifier().isFriend()               = false 
firstNondefiningFunction = 0x7f3ac44d0258 firstNondefiningFunction->get_declarationModifier().isFriend() = false 
TransformationSupport::getSourceFile(funcdecl_stmt = 0x7f3ac1134cc0)->getFileName()              = /home/centos/CS_259/Project/GCN_FPGA/src/merlin/.merlin_prj/run/implement/opencl/final_code_gen/__merlinkernel_gcnconv_kernel.cpp 
TransformationSupport::getSourceFile(funcdecl_stmt->get_scope() = 0x7f3ac49fc230)->getFileName() = /home/centos/CS_259/Project/GCN_FPGA/src/merlin/.merlin_prj/run/implement/opencl/final_code_gen/__merlinkernel_gcnconv_kernel.cpp 
TransformationSupport::getSourceFile(firstNondefiningFunction = 0x7f3ac44d0258)->getFileName()   = /home/centos/CS_259/Project/GCN_FPGA/src/merlin/.merlin_prj/run/implement/opencl/final_code_gen/__merlinwrapper_gcnconv_kernel.cpp 
TransformationSupport::getSourceFile(firstNondefiningFunction->get_scope() = 0x7f3ac49fc120)->getFileName() = /home/centos/CS_259/Project/GCN_FPGA/src/merlin/.merlin_prj/run/implement/opencl/final_code_gen/__merlinwrapper_gcnconv_kernel.cpp 
TransformationSupport::getSourceFile(funcdecl_stmt = 0x7f3ac1134cc0)->getFileName()            = /home/centos/CS_259/Project/GCN_FPGA/src/merlin/.merlin_prj/run/implement/opencl/final_code_gen/__merlinkernel_gcnconv_kernel.cpp 
TransformationSupport::getSourceFile(firstNondefiningFunction = 0x7f3ac44d0258)->getFileName() = /home/centos/CS_259/Project/GCN_FPGA/src/merlin/.merlin_prj/run/implement/opencl/final_code_gen/__merlinwrapper_gcnconv_kernel.cpp 
firstNondefiningFunction = 0x7f3ac44d0258 
firstNondefiningFunction = __merlin_dummy_extern_int_merlin_include_G_ 
funcdecl_stmt = 0x7f3ac1134cc0 funcdecl_stmt->get_scope()                                        = 0x7f3ac49fc230 
funcdecl_stmt = 0x7f3ac1134cc0 funcdecl_stmt->get_declarationModifier().isFriend()               = false 
firstNondefiningFunction = 0x7f3ac44d0258 firstNondefiningFunction->get_declarationModifier().isFriend() = false 
TransformationSupport::getSourceFile(funcdecl_stmt = 0x7f3ac1134cc0)->getFileName()              = /home/centos/CS_259/Project/GCN_FPGA/src/merlin/.merlin_prj/run/implement/opencl/final_code_gen/__merlinkernel_gcnconv_kernel.cpp 
TransformationSupport::getSourceFile(funcdecl_stmt->get_scope() = 0x7f3ac49fc230)->getFileName() = /home/centos/CS_259/Project/GCN_FPGA/src/merlin/.merlin_prj/run/implement/opencl/final_code_gen/__merlinkernel_gcnconv_kernel.cpp 
TransformationSupport::getSourceFile(firstNondefiningFunction = 0x7f3ac44d0258)->getFileName()   = /home/centos/CS_259/Project/GCN_FPGA/src/merlin/.merlin_prj/run/implement/opencl/final_code_gen/__merlinwrapper_gcnconv_kernel.cpp 
TransformationSupport::getSourceFile(firstNondefiningFunction->get_scope() = 0x7f3ac49fc120)->getFileName() = /home/centos/CS_259/Project/GCN_FPGA/src/merlin/.merlin_prj/run/implement/opencl/final_code_gen/__merlinwrapper_gcnconv_kernel.cpp 
firstNondefiningFunction = 0x7f3ac44d0258 
funcdecl_stmt = 0x7f3ac11350a8 funcdecl_stmt->get_scope()                                        = 0x7f3ac49fc230 
funcdecl_stmt = 0x7f3ac11350a8 funcdecl_stmt->get_declarationModifier().isFriend()               = false 
firstNondefiningFunction = 0x7f3ac44d0258 firstNondefiningFunction->get_declarationModifier().isFriend() = false 
TransformationSupport::getSourceFile(funcdecl_stmt = 0x7f3ac11350a8)->getFileName()              = /home/centos/CS_259/Project/GCN_FPGA/src/merlin/.merlin_prj/run/implement/opencl/final_code_gen/__merlinkernel_gcnconv_kernel.cpp 
TransformationSupport::getSourceFile(funcdecl_stmt->get_scope() = 0x7f3ac49fc230)->getFileName() = /home/centos/CS_259/Project/GCN_FPGA/src/merlin/.merlin_prj/run/implement/opencl/final_code_gen/__merlinkernel_gcnconv_kernel.cpp 
TransformationSupport::getSourceFile(firstNondefiningFunction = 0x7f3ac44d0258)->getFileName()   = /home/centos/CS_259/Project/GCN_FPGA/src/merlin/.merlin_prj/run/implement/opencl/final_code_gen/__merlinwrapper_gcnconv_kernel.cpp 
TransformationSupport::getSourceFile(firstNondefiningFunction->get_scope() = 0x7f3ac49fc120)->getFileName() = /home/centos/CS_259/Project/GCN_FPGA/src/merlin/.merlin_prj/run/implement/opencl/final_code_gen/__merlinwrapper_gcnconv_kernel.cpp 
TransformationSupport::getSourceFile(funcdecl_stmt = 0x7f3ac11350a8)->getFileName()            = /home/centos/CS_259/Project/GCN_FPGA/src/merlin/.merlin_prj/run/implement/opencl/final_code_gen/__merlinkernel_gcnconv_kernel.cpp 
TransformationSupport::getSourceFile(firstNondefiningFunction = 0x7f3ac44d0258)->getFileName() = /home/centos/CS_259/Project/GCN_FPGA/src/merlin/.merlin_prj/run/implement/opencl/final_code_gen/__merlinwrapper_gcnconv_kernel.cpp 
firstNondefiningFunction = 0x7f3ac44d0258 
firstNondefiningFunction = __merlin_dummy_extern_int_merlin_include_G_ 
funcdecl_stmt = 0x7f3ac11350a8 funcdecl_stmt->get_scope()                                        = 0x7f3ac49fc230 
funcdecl_stmt = 0x7f3ac11350a8 funcdecl_stmt->get_declarationModifier().isFriend()               = false 
firstNondefiningFunction = 0x7f3ac44d0258 firstNondefiningFunction->get_declarationModifier().isFriend() = false 
TransformationSupport::getSourceFile(funcdecl_stmt = 0x7f3ac11350a8)->getFileName()              = /home/centos/CS_259/Project/GCN_FPGA/src/merlin/.merlin_prj/run/implement/opencl/final_code_gen/__merlinkernel_gcnconv_kernel.cpp 
TransformationSupport::getSourceFile(funcdecl_stmt->get_scope() = 0x7f3ac49fc230)->getFileName() = /home/centos/CS_259/Project/GCN_FPGA/src/merlin/.merlin_prj/run/implement/opencl/final_code_gen/__merlinkernel_gcnconv_kernel.cpp 
TransformationSupport::getSourceFile(firstNondefiningFunction = 0x7f3ac44d0258)->getFileName()   = /home/centos/CS_259/Project/GCN_FPGA/src/merlin/.merlin_prj/run/implement/opencl/final_code_gen/__merlinwrapper_gcnconv_kernel.cpp 
TransformationSupport::getSourceFile(firstNondefiningFunction->get_scope() = 0x7f3ac49fc120)->getFileName() = /home/centos/CS_259/Project/GCN_FPGA/src/merlin/.merlin_prj/run/implement/opencl/final_code_gen/__merlinwrapper_gcnconv_kernel.cpp 
firstNondefiningFunction = 0x7f3ac44d0258 
funcdecl_stmt = 0x7f3ac1135490 funcdecl_stmt->get_scope()                                        = 0x7f3ac49fc230 
funcdecl_stmt = 0x7f3ac1135490 funcdecl_stmt->get_declarationModifier().isFriend()               = false 
firstNondefiningFunction = 0x7f3ac44d0258 firstNondefiningFunction->get_declarationModifier().isFriend() = false 
TransformationSupport::getSourceFile(funcdecl_stmt = 0x7f3ac1135490)->getFileName()              = /home/centos/CS_259/Project/GCN_FPGA/src/merlin/.merlin_prj/run/implement/opencl/final_code_gen/__merlinkernel_gcnconv_kernel.cpp 
TransformationSupport::getSourceFile(funcdecl_stmt->get_scope() = 0x7f3ac49fc230)->getFileName() = /home/centos/CS_259/Project/GCN_FPGA/src/merlin/.merlin_prj/run/implement/opencl/final_code_gen/__merlinkernel_gcnconv_kernel.cpp 
TransformationSupport::getSourceFile(firstNondefiningFunction = 0x7f3ac44d0258)->getFileName()   = /home/centos/CS_259/Project/GCN_FPGA/src/merlin/.merlin_prj/run/implement/opencl/final_code_gen/__merlinwrapper_gcnconv_kernel.cpp 
TransformationSupport::getSourceFile(firstNondefiningFunction->get_scope() = 0x7f3ac49fc120)->getFileName() = /home/centos/CS_259/Project/GCN_FPGA/src/merlin/.merlin_prj/run/implement/opencl/final_code_gen/__merlinwrapper_gcnconv_kernel.cpp 
TransformationSupport::getSourceFile(funcdecl_stmt = 0x7f3ac1135490)->getFileName()            = /home/centos/CS_259/Project/GCN_FPGA/src/merlin/.merlin_prj/run/implement/opencl/final_code_gen/__merlinkernel_gcnconv_kernel.cpp 
TransformationSupport::getSourceFile(firstNondefiningFunction = 0x7f3ac44d0258)->getFileName() = /home/centos/CS_259/Project/GCN_FPGA/src/merlin/.merlin_prj/run/implement/opencl/final_code_gen/__merlinwrapper_gcnconv_kernel.cpp 
firstNondefiningFunction = 0x7f3ac44d0258 
firstNondefiningFunction = __merlin_dummy_extern_int_merlin_include_G_ 
funcdecl_stmt = 0x7f3ac1135490 funcdecl_stmt->get_scope()                                        = 0x7f3ac49fc230 
funcdecl_stmt = 0x7f3ac1135490 funcdecl_stmt->get_declarationModifier().isFriend()               = false 
firstNondefiningFunction = 0x7f3ac44d0258 firstNondefiningFunction->get_declarationModifier().isFriend() = false 
TransformationSupport::getSourceFile(funcdecl_stmt = 0x7f3ac1135490)->getFileName()              = /home/centos/CS_259/Project/GCN_FPGA/src/merlin/.merlin_prj/run/implement/opencl/final_code_gen/__merlinkernel_gcnconv_kernel.cpp 
TransformationSupport::getSourceFile(funcdecl_stmt->get_scope() = 0x7f3ac49fc230)->getFileName() = /home/centos/CS_259/Project/GCN_FPGA/src/merlin/.merlin_prj/run/implement/opencl/final_code_gen/__merlinkernel_gcnconv_kernel.cpp 
TransformationSupport::getSourceFile(firstNondefiningFunction = 0x7f3ac44d0258)->getFileName()   = /home/centos/CS_259/Project/GCN_FPGA/src/merlin/.merlin_prj/run/implement/opencl/final_code_gen/__merlinwrapper_gcnconv_kernel.cpp 
TransformationSupport::getSourceFile(firstNondefiningFunction->get_scope() = 0x7f3ac49fc120)->getFileName() = /home/centos/CS_259/Project/GCN_FPGA/src/merlin/.merlin_prj/run/implement/opencl/final_code_gen/__merlinwrapper_gcnconv_kernel.cpp 
firstNondefiningFunction = 0x7f3ac44d15e0 
funcdecl_stmt = 0x7f3ac11321c8 funcdecl_stmt->get_scope()                                        = 0x7f3ac49fc230 
funcdecl_stmt = 0x7f3ac11321c8 funcdecl_stmt->get_declarationModifier().isFriend()               = false 
firstNondefiningFunction = 0x7f3ac44d15e0 firstNondefiningFunction->get_declarationModifier().isFriend() = false 
TransformationSupport::getSourceFile(funcdecl_stmt = 0x7f3ac11321c8)->getFileName()              = /home/centos/CS_259/Project/GCN_FPGA/src/merlin/.merlin_prj/run/implement/opencl/final_code_gen/__merlinkernel_gcnconv_kernel.cpp 
TransformationSupport::getSourceFile(funcdecl_stmt->get_scope() = 0x7f3ac49fc230)->getFileName() = /home/centos/CS_259/Project/GCN_FPGA/src/merlin/.merlin_prj/run/implement/opencl/final_code_gen/__merlinkernel_gcnconv_kernel.cpp 
TransformationSupport::getSourceFile(firstNondefiningFunction = 0x7f3ac44d15e0)->getFileName()   = /home/centos/CS_259/Project/GCN_FPGA/src/merlin/.merlin_prj/run/implement/opencl/final_code_gen/__merlinwrapper_gcnconv_kernel.cpp 
TransformationSupport::getSourceFile(firstNondefiningFunction->get_scope() = 0x7f3ac49fc230)->getFileName() = /home/centos/CS_259/Project/GCN_FPGA/src/merlin/.merlin_prj/run/implement/opencl/final_code_gen/__merlinkernel_gcnconv_kernel.cpp 
TransformationSupport::getSourceFile(funcdecl_stmt = 0x7f3ac11321c8)->getFileName()            = /home/centos/CS_259/Project/GCN_FPGA/src/merlin/.merlin_prj/run/implement/opencl/final_code_gen/__merlinkernel_gcnconv_kernel.cpp 
TransformationSupport::getSourceFile(firstNondefiningFunction = 0x7f3ac44d15e0)->getFileName() = /home/centos/CS_259/Project/GCN_FPGA/src/merlin/.merlin_prj/run/implement/opencl/final_code_gen/__merlinwrapper_gcnconv_kernel.cpp 
firstNondefiningFunction = 0x7f3ac44d15e0 
firstNondefiningFunction = gcnconv_kernel 
funcdecl_stmt = 0x7f3ac11321c8 funcdecl_stmt->get_scope()                                        = 0x7f3ac49fc230 
funcdecl_stmt = 0x7f3ac11321c8 funcdecl_stmt->get_declarationModifier().isFriend()               = false 
firstNondefiningFunction = 0x7f3ac44d15e0 firstNondefiningFunction->get_declarationModifier().isFriend() = false 
TransformationSupport::getSourceFile(funcdecl_stmt = 0x7f3ac11321c8)->getFileName()              = /home/centos/CS_259/Project/GCN_FPGA/src/merlin/.merlin_prj/run/implement/opencl/final_code_gen/__merlinkernel_gcnconv_kernel.cpp 
TransformationSupport::getSourceFile(funcdecl_stmt->get_scope() = 0x7f3ac49fc230)->getFileName() = /home/centos/CS_259/Project/GCN_FPGA/src/merlin/.merlin_prj/run/implement/opencl/final_code_gen/__merlinkernel_gcnconv_kernel.cpp 
TransformationSupport::getSourceFile(firstNondefiningFunction = 0x7f3ac44d15e0)->getFileName()   = /home/centos/CS_259/Project/GCN_FPGA/src/merlin/.merlin_prj/run/implement/opencl/final_code_gen/__merlinwrapper_gcnconv_kernel.cpp 
TransformationSupport::getSourceFile(firstNondefiningFunction->get_scope() = 0x7f3ac49fc230)->getFileName() = /home/centos/CS_259/Project/GCN_FPGA/src/merlin/.merlin_prj/run/implement/opencl/final_code_gen/__merlinkernel_gcnconv_kernel.cpp 
