************************************************************************************
 Merlin Compiler (TM) Version 2019.4.dev (sprint-35-26-g192e097.13153)
 Built Sun Oct 20 23:49:59 2019 -0700
 Copyright (C) 2015-2019 Falcon Computing Solutions, Inc. All Rights Reserved.
************************************************************************************

====================================================================================
Summary
====================================================================================

Date: 2019-12-03 03:23:16
Target Device: xilinx_aws-vu9p-f1-04261818_dynamic_5_0
Target Frequency: 300MHz
+------------------------------+-----------------------+------------+-----------+----------+--------+-------+------+
|            Kernel            |        Cycles         |    LUT     |    FF     |   BRAM   |  DSP   | URAM  |Detail|
+------------------------------+-----------------------+------------+-----------+----------+--------+-------+------+
|gcnconv_kernel (gcnconv.cpp:8)|1141333035 (3804.443ms)|136734 (11%)|206263 (8%)|3102 (71%)|282 (4%)|0 (~0%)|-     |
+------------------------------+-----------------------+------------+-----------+----------+--------+-------+------+


====================================================================================
Interface
====================================================================================

+---------------------------+-----------+-----------+----+---------------------------+
|         Interface         |SW Bitwidth|HW Bitwidth|Type|          Detail           |
+---------------------------+-----------+-----------+----+---------------------------+
|x (gcnconv.cpp:9)          |         32|        512|  RO|cached & coalesced         |
|weight (gcnconv.cpp:10)    |         32|        512|  RO|cached & coalesced         |
|edge_index (gcnconv.cpp:11)|         32|         32| R/W|cached but not coalesced[1]|
|result (gcnconv.cpp:12)    |         32|         32|   -|-[2]                       |
+---------------------------+-----------+-----------+----+---------------------------+
[1]: Suboptimal memory coalescing: variable 'edge_index' (gcnconv.cpp:11)
  Reason: the lowest dimension size of on-chip buffer is not divisible by 2
Memory burst inferred: variable 'edge_index' (gcnconv.cpp:11) in scope (gcnconv.cpp:58)
  with insufficient on-chip memory (866920 bytes required)
  Hint: 1. tile large loops into smaller ones to adjust the burst buffer size
        2. specify the burst length threshold by adding interface attribute 
        'max_burst_size=?'
        3. decrease the single resource threshold by using 
        '--attribute burst_single_size_threshold=?'
        4. make range analysis accurate by changing 
         pointer parameter into array parameter in sub function

[2]: Memory burst NOT inferred: variable 'result' (gcnconv.cpp:12)
  Reason: the bound of the access range is not determined (edge_index_buf_3[108365 + i] * 16..15 + edge_index_buf_3[108365 + i] * 16 exact)
  Hint: please specify the bounds of the variables using 'assert'



====================================================================================
Performance Estimate (TC: Trip Count, AC: Accumulated Cycles, CPC: Cycles Per Call)
====================================================================================

+----------------------------------------------+------+-------------------+----------+-----------------------------------+
|                  Hierarchy                   |  TC  |        AC         |   CPC    |              Detail               |
+----------------------------------------------+------+-------------------+----------+-----------------------------------+
|gcnconv_kernel (gcnconv.cpp:8)                |      |1141333035 (100.0%)|1141333035|-                                  |
|    auto memory burst for 'weight'(read)      |      |       500 (  0.0%)|       500|cache size=32000B                  |
|    loop matrix_mul_i (gcnconv.cpp:21)        | 19717|1135125824 ( 99.5%)|1135125824|-                                  |
|        loop matrix_mul_j (gcnconv.cpp:24)    |    16|1144749303 (100.3%)|     58059|-                                  |
|            loop matrix_mul_k (gcnconv.cpp:27)|   500| 268782144 ( 23.5%)|       852|parallel factor=128x, pipeline II=7|
|    auto memory burst for 'edge_index'(read)  |      |    128082 (  0.0%)|    128082|cache size=512328B                 |
|    auto memory burst for 'edge_index'(read)  |      |    128082 (  0.0%)|    128082|cache size=512328B                 |
|    loop assign_index_i (gcnconv.cpp:35)      | 19717|     19717 (  0.0%)|     19717|pipeline II=1                      |
|        loop assign_index_j (gcnconv.cpp:37)  |     2|                  -|         -|parallel factor=2x                 |
|    auto memory burst for 'edge_index'(write) |      |    128082 (  0.0%)|    128082|cache size=512328B                 |
|    auto memory burst for 'edge_index'(write) |      |    128082 (  0.0%)|    128082|cache size=512328B                 |
|    loop assign_weight (gcnconv.cpp:43)       |108365|    108365 (  0.0%)|    108365|pipeline II=1                      |
|    auto memory burst for 'edge_index'(read)  |      |    108365 (  0.0%)|    108365|cache size=433460B                 |
|    auto memory burst for 'edge_index'(read)  |      |    108365 (  0.0%)|    108365|cache size=433460B                 |
|    loop inc_degree (gcnconv.cpp:48)          |108365|   1083650 (  0.1%)|   1083650|pipeline II=10[3]                  |
|    loop invert (gcnconv.cpp:53)              | 19717|     19731 (  0.0%)|     19731|pipeline II=1                      |
|    auto memory burst for 'edge_index'(read)  |      |    216730 (  0.0%)|    216730|cache size=866920B                 |
|    auto memory burst for 'edge_index'(read)  |      |    216730 (  0.0%)|    216730|cache size=866920B                 |
|    loop assign_norm (gcnconv.cpp:58)         |108365|    108375 (  0.0%)|    108375|pipeline II=1                      |
|    auto memory burst for 'edge_index'(read)  |      |    216730 (  0.0%)|    216730|cache size=866920B                 |
|    auto memory burst for 'edge_index'(read)  |      |    216730 (  0.0%)|    216730|cache size=866920B                 |
|    loop calc_result_i (gcnconv.cpp:63)       |108365|   2275666 (  0.2%)|   2275666|pipeline II=21                     |
|        loop calc_result_j (gcnconv.cpp:65)   |    16|                  -|         -|parallel factor=16x                |
+----------------------------------------------+------+-------------------+----------+-----------------------------------+
[3]: Unable to enforce a carried dependence constraint because of the access on variable "deg (gcnconv.cpp:16)"


====================================================================================
Resource Estimate
====================================================================================

+----------------------------------------------+------------+-----------+----------+--------+-------+------+
|                  Hierarchy                   |    LUT     |    FF     |   BRAM   |  DSP   | URAM  |Detail|
+----------------------------------------------+------------+-----------+----------+--------+-------+------+
|gcnconv_kernel (gcnconv.cpp:8)                |136734 (11%)|206263 (8%)|3102 (71%)|282 (4%)|0 (~0%)|-     |
|    auto memory burst for 'weight'(read)      |           -|          -|         -|       -|      -|-     |
|    loop matrix_mul_i (gcnconv.cpp:21)        |           -|          -|         -|       -|      -|-     |
|        loop matrix_mul_j (gcnconv.cpp:24)    |           -|          -|         -|       -|      -|-     |
|            loop matrix_mul_k (gcnconv.cpp:27)|           -|          -|         -|       -|      -|-     |
|    auto memory burst for 'edge_index'(read)  |           -|          -|         -|       -|      -|-     |
|    auto memory burst for 'edge_index'(read)  |           -|          -|         -|       -|      -|-     |
|    loop assign_index_i (gcnconv.cpp:35)      |           -|          -|         -|       -|      -|-     |
|        loop assign_index_j (gcnconv.cpp:37)  |           -|          -|         -|       -|      -|-     |
|    auto memory burst for 'edge_index'(write) |           -|          -|         -|       -|      -|-     |
|    auto memory burst for 'edge_index'(write) |           -|          -|         -|       -|      -|-     |
|    loop assign_weight (gcnconv.cpp:43)       |           -|          -|         -|       -|      -|-     |
|    auto memory burst for 'edge_index'(read)  |           -|          -|         -|       -|      -|-     |
|    auto memory burst for 'edge_index'(read)  |           -|          -|         -|       -|      -|-     |
|    loop inc_degree (gcnconv.cpp:48)          |           -|          -|         -|       -|      -|-     |
|    loop invert (gcnconv.cpp:53)              |           -|          -|         -|       -|      -|-     |
|    auto memory burst for 'edge_index'(read)  |           -|          -|         -|       -|      -|-     |
|    auto memory burst for 'edge_index'(read)  |           -|          -|         -|       -|      -|-     |
|    loop assign_norm (gcnconv.cpp:58)         |           -|          -|         -|       -|      -|-     |
|    auto memory burst for 'edge_index'(read)  |           -|          -|         -|       -|      -|-     |
|    auto memory burst for 'edge_index'(read)  |           -|          -|         -|       -|      -|-     |
|    loop calc_result_i (gcnconv.cpp:63)       |           -|          -|         -|       -|      -|-     |
|        loop calc_result_j (gcnconv.cpp:65)   |           -|          -|         -|       -|      -|-     |
+----------------------------------------------+------------+-----------+----------+--------+-------+------+
