************************************************************************************
 Merlin Compiler (TM) Version 2019.4.dev (sprint-35-26-g192e097.13153)
 Built Sun Oct 20 23:49:59 2019 -0700
 Copyright (C) 2015-2019 Falcon Computing Solutions, Inc. All Rights Reserved.
************************************************************************************

====================================================================================
Summary
====================================================================================

Date: 2019-12-02 09:56:07
Target Device: xilinx_aws-vu9p-f1-04261818_dynamic_5_0
Target Frequency: 300MHz
+------------------------------+----------------------+----------+----------+---------+--------+-------+------+
|            Kernel            |        Cycles        |   LUT    |    FF    |  BRAM   |  DSP   | URAM  |Detail|
+------------------------------+----------------------+----------+----------+---------+--------+-------+------+
|gcnconv_kernel (gcnconv.cpp:8)|440170421 (1467.235ms)|7393 (~0%)|8857 (~0%)|578 (13%)|52 (~0%)|0 (~0%)|-     |
+------------------------------+----------------------+----------+----------+---------+--------+-------+------+


====================================================================================
Interface
====================================================================================

+---------------------------+-----------+-----------+----+------+
|         Interface         |SW Bitwidth|HW Bitwidth|Type|Detail|
+---------------------------+-----------+-----------+----+------+
|x (gcnconv.cpp:9)          |         32|         32|   -|-     |
|weight (gcnconv.cpp:10)    |         32|         32|   -|-     |
|edge_index (gcnconv.cpp:11)|         32|         32|   -|-     |
|result (gcnconv.cpp:12)    |         32|         32|   -|-     |
+---------------------------+-----------+-----------+----+------+


====================================================================================
Performance Estimate (TC: Trip Count, AC: Accumulated Cycles, CPC: Cycles Per Call)
====================================================================================

+-----------------------------------+-----+------------------+---------+------------------------------------------------------+
|             Hierarchy             | TC  |        AC        |   CPC   |                        Detail                        |
+-----------------------------------+-----+------------------+---------+------------------------------------------------------+
|gcnconv_kernel (gcnconv.cpp:8)     |     |440170421 (100.0%)|440170421|-                                                     |
|    loop i (gcnconv.cpp:21)        | 2708|435533056 ( 98.9%)|435533056|flattened with loop j (gcnconv.cpp:22)                |
|        loop j (gcnconv.cpp:22)    |   16|                 -|        -|flattened                                             |
|            loop k (gcnconv.cpp:24)| 1433| 27201860 (  6.2%)|    10045|pipeline II=7                                         |
|    loop i (gcnconv.cpp:30)        |    2|     5436 (  0.0%)|     5436|flattened with loop j (gcnconv.cpp:31), pipeline II=1 |
|        loop j (gcnconv.cpp:31)    | 2708|                 -|        -|flattened                                             |
|    loop i (gcnconv.cpp:36)        |13264|    13264 (  0.0%)|    13264|-                                                     |
|    loop i (gcnconv.cpp:40)        |13264|   132641 (  0.0%)|   132641|pipeline II=10[1]                                     |
|    loop i (gcnconv.cpp:44)        | 2708|     2733 (  0.0%)|     2733|pipeline II=1                                         |
|    loop i (gcnconv.cpp:48)        |13264|    26546 (  0.0%)|    26546|pipeline II=2                                         |
|    loop i (gcnconv.cpp:52)        |13264|    13271 (  0.0%)|    13271|pipeline II=1                                         |
|        loop j (gcnconv.cpp:53)    |   16|                 -|        -|parallel factor=16x                                   |
|    loop i (gcnconv.cpp:58)        |   16|  4456713 (  1.0%)|  4456713|flattened with loop j (gcnconv.cpp:59), pipeline II=21|
|        loop j (gcnconv.cpp:59)    |13264|                 -|        -|flattened                                             |
+-----------------------------------+-----+------------------+---------+------------------------------------------------------+
[1]: Unable to enforce a carried dependence constraint because of the access on variable "deg (gcnconv.cpp:16)"


====================================================================================
Resource Estimate
====================================================================================

+-----------------------------------+----------+----------+---------+--------+-------+------+
|             Hierarchy             |   LUT    |    FF    |  BRAM   |  DSP   | URAM  |Detail|
+-----------------------------------+----------+----------+---------+--------+-------+------+
|gcnconv_kernel (gcnconv.cpp:8)     |7393 (~0%)|8857 (~0%)|578 (13%)|52 (~0%)|0 (~0%)|-     |
|    loop i (gcnconv.cpp:21)        |         -|         -|        -|       -|      -|-     |
|        loop j (gcnconv.cpp:22)    |         -|         -|        -|       -|      -|-     |
|            loop k (gcnconv.cpp:24)|         -|         -|        -|       -|      -|-     |
|    loop i (gcnconv.cpp:30)        |         -|         -|        -|       -|      -|-     |
|        loop j (gcnconv.cpp:31)    |         -|         -|        -|       -|      -|-     |
|    loop i (gcnconv.cpp:36)        |         -|         -|        -|       -|      -|-     |
|    loop i (gcnconv.cpp:40)        |         -|         -|        -|       -|      -|-     |
|    loop i (gcnconv.cpp:44)        |         -|         -|        -|       -|      -|-     |
|    loop i (gcnconv.cpp:48)        |         -|         -|        -|       -|      -|-     |
|    loop i (gcnconv.cpp:52)        |         -|         -|        -|       -|      -|-     |
|        loop j (gcnconv.cpp:53)    |         -|         -|        -|       -|      -|-     |
|    loop i (gcnconv.cpp:58)        |         -|         -|        -|       -|      -|-     |
|        loop j (gcnconv.cpp:59)    |         -|         -|        -|       -|      -|-     |
+-----------------------------------+----------+----------+---------+--------+-------+------+
