************************************************************************************
 Merlin Compiler (TM) Version 2019.4.dev (sprint-35-26-g192e097.13153)
 Built Sun Oct 20 23:49:59 2019 -0700
 Copyright (C) 2015-2019 Falcon Computing Solutions, Inc. All Rights Reserved.
************************************************************************************

====================================================================================
Summary
====================================================================================

Date: 2019-12-03 02:54:04
Target Device: xilinx_aws-vu9p-f1-04261818_dynamic_5_0
Target Frequency: 300MHz
+------------------------------+--------------------+------------+-----------+--------+--------+-------+------+
|            Kernel            |       Cycles       |    LUT     |    FF     |  BRAM  |  DSP   | URAM  |Detail|
+------------------------------+--------------------+------------+-----------+--------+--------+-------+------+
|gcnconv_kernel (gcnconv.cpp:8)|59125491 (197.085ms)|208989 (17%)|205058 (8%)|402 (9%)|206 (3%)|0 (~0%)|-     |
+------------------------------+--------------------+------------+-----------+--------+--------+-------+------+


====================================================================================
Interface
====================================================================================

+---------------------------+-----------+-----------+----+---------------------------+
|         Interface         |SW Bitwidth|HW Bitwidth|Type|          Detail           |
+---------------------------+-----------+-----------+----+---------------------------+
|x (gcnconv.cpp:9)          |         32|        512|  RO|cached & coalesced         |
|weight (gcnconv.cpp:10)    |         32|        512|  RO|cached & coalesced[1]      |
|edge_index (gcnconv.cpp:11)|         32|         32| R/W|cached but not coalesced[2]|
|result (gcnconv.cpp:12)    |         32|        512| R/W|cached & coalesced         |
+---------------------------+-----------+-----------+----+---------------------------+
[1]: Coarse-grained parallelization NOT applied: loop (gcnconv.cpp:24) because access on array 'weight' (gcnconv.cpp:10) cannot be parallelized due to required buffer size (3790912 bytes) more than single buffer size threshold (1048576 bytes).
  Hint: 1. decrease parallel factor
        2. specify the burst length threshold by adding interface attribute 
        'max_burst_size=?'
        3. increase the single resource threshold by using 
        '--attribute burst_single_size_threshold=?'
        4. make range analysis accurate by changing 
        pointer parameter into array parameter in sub function 


[2]: Suboptimal memory coalescing: variable 'edge_index' (gcnconv.cpp:11)
  Reason: the lowest dimension size of on-chip buffer is not divisible by 2



====================================================================================
Performance Estimate (TC: Trip Count, AC: Accumulated Cycles, CPC: Cycles Per Call)
====================================================================================

+----------------------------------------------+-----+-----------------+--------+-----------------------------------+
|                  Hierarchy                   | TC  |       AC        |  CPC   |              Detail               |
+----------------------------------------------+-----+-----------------+--------+-----------------------------------+
|gcnconv_kernel (gcnconv.cpp:8)                |     |59125491 (100.0%)|59125491|-                                  |
|    auto memory burst for 'edge_index'(read)  |     |   24862 (  0.0%)|   24862|cache size=99448B                  |
|    auto memory burst for 'weight'(read)      |     |    3703 (  0.0%)|    3703|cache size=236992B                 |
|    loop matrix_mul_i (gcnconv.cpp:21)        | 3327|58586112 ( 99.1%)|58586112|-                                  |
|        loop matrix_mul_j (gcnconv.cpp:24)    |   16|58555200 ( 99.0%)|   17600|-                                  |
|            loop matrix_mul_k (gcnconv.cpp:27)| 3703|55627440 ( 94.1%)|    1045|parallel factor=128x, pipeline II=7|
|    loop assign_index_i (gcnconv.cpp:35)      | 3327|    3327 (  0.0%)|    3327|pipeline II=1                      |
|        loop assign_index_j (gcnconv.cpp:37)  |    2|                -|       -|parallel factor=2x                 |
|    loop assign_weight (gcnconv.cpp:43)       |12431|   12431 (  0.0%)|   12431|-                                  |
|    loop inc_degree (gcnconv.cpp:48)          |12431|  124310 (  0.2%)|  124310|pipeline II=10[3]                  |
|    loop invert (gcnconv.cpp:53)              | 3327|    3341 (  0.0%)|    3341|pipeline II=1                      |
|    loop assign_norm (gcnconv.cpp:58)         |12431|   12441 (  0.0%)|   12441|pipeline II=1                      |
|    auto memory burst for 'result'(read)      |     |    3327 (  0.0%)|    3327|cache size=212928B                 |
|    auto memory burst for 'result'(read)      |     |    3327 (  0.0%)|    3327|cache size=212928B                 |
|    loop calc_result_i (gcnconv.cpp:63)       |12431|  124321 (  0.2%)|  124321|pipeline II=10[4]                  |
|        loop calc_result_j (gcnconv.cpp:65)   |   16|                -|       -|parallel factor=16x                |
|    auto memory burst for 'result'(write)     |     |    3327 (  0.0%)|    3327|cache size=212928B                 |
|    auto memory burst for 'edge_index'(write) |     |   15758 (  0.0%)|   15758|cache size=63032B                  |
+----------------------------------------------+-----+-----------------+--------+-----------------------------------+
[3]: Unable to enforce a carried dependence constraint because of the access on variable "deg (gcnconv.cpp:16)"
[4]: Unable to enforce a carried dependence constraint because of the access on variable "result (gcnconv.cpp:12)"


====================================================================================
Resource Estimate
====================================================================================

+----------------------------------------------+------------+-----------+--------+--------+-------+------+
|                  Hierarchy                   |    LUT     |    FF     |  BRAM  |  DSP   | URAM  |Detail|
+----------------------------------------------+------------+-----------+--------+--------+-------+------+
|gcnconv_kernel (gcnconv.cpp:8)                |208989 (17%)|205058 (8%)|402 (9%)|206 (3%)|0 (~0%)|-     |
|    auto memory burst for 'edge_index'(read)  |           -|          -|       -|       -|      -|-     |
|    auto memory burst for 'weight'(read)      |           -|          -|       -|       -|      -|-     |
|    loop matrix_mul_i (gcnconv.cpp:21)        |           -|          -|       -|       -|      -|-     |
|        loop matrix_mul_j (gcnconv.cpp:24)    |           -|          -|       -|       -|      -|-     |
|            loop matrix_mul_k (gcnconv.cpp:27)|           -|          -|       -|       -|      -|-     |
|    loop assign_index_i (gcnconv.cpp:35)      |           -|          -|       -|       -|      -|-     |
|        loop assign_index_j (gcnconv.cpp:37)  |           -|          -|       -|       -|      -|-     |
|    loop assign_weight (gcnconv.cpp:43)       |           -|          -|       -|       -|      -|-     |
|    loop inc_degree (gcnconv.cpp:48)          |           -|          -|       -|       -|      -|-     |
|    loop invert (gcnconv.cpp:53)              |           -|          -|       -|       -|      -|-     |
|    loop assign_norm (gcnconv.cpp:58)         |           -|          -|       -|       -|      -|-     |
|    auto memory burst for 'result'(read)      |           -|          -|       -|       -|      -|-     |
|    auto memory burst for 'result'(read)      |           -|          -|       -|       -|      -|-     |
|    loop calc_result_i (gcnconv.cpp:63)       |           -|          -|       -|       -|      -|-     |
|        loop calc_result_j (gcnconv.cpp:65)   |           -|          -|       -|       -|      -|-     |
|    auto memory burst for 'result'(write)     |           -|          -|       -|       -|      -|-     |
|    auto memory burst for 'edge_index'(write) |           -|          -|       -|       -|      -|-     |
+----------------------------------------------+------------+-----------+--------+--------+-------+------+
