

================================================================
== Vivado HLS Report for 'merlin_memcpy_0_0'
================================================================
* Date:           Thu Dec 12 01:07:40 2019

* Version:        2019.1.op (Build 2552052 on Fri May 24 15:28:33 MDT 2019)
* Project:        gcnconv_kernel
* Solution:       solution
* Product family: virtexuplus
* Target device:  xcvu9p-flgb2104-2-i


================================================================
== Performance Estimates
================================================================
+ Timing (ns): 
    * Summary: 
    +--------+-------+----------+------------+
    |  Clock | Target| Estimated| Uncertainty|
    +--------+-------+----------+------------+
    |ap_clk  |   4.00|     2.920|        1.08|
    +--------+-------+----------+------------+

+ Latency (clock cycles): 
    * Summary: 
    +--------+--------+--------+--------+---------+
    |     Latency     |     Interval    | Pipeline|
    |   min  |   max  |   min  |   max  |   Type  |
    +--------+--------+--------+--------+---------+
    |  128092|  128092|  128092|  128092|   none  |
    +--------+--------+--------+--------+---------+

    + Detail: 
        * Instance: 
        N/A

        * Loop: 
        +------------+--------+--------+----------+-----------+-----------+--------+----------+
        |            |     Latency     | Iteration|  Initiation Interval  |  Trip  |          |
        |  Loop Name |   min  |   max  |  Latency |  achieved |   target  |  Count | Pipelined|
        +------------+--------+--------+----------+-----------+-----------+--------+----------+
        |- merlinL0  |  128090|  128090|        10|          1|          1|  128082|    yes   |
        +------------+--------+--------+----------+-----------+-----------+--------+----------+



================================================================
== Utilization Estimates
================================================================
* Summary: 
+---------------------+---------+-------+---------+---------+-----+
|         Name        | BRAM_18K| DSP48E|    FF   |   LUT   | URAM|
+---------------------+---------+-------+---------+---------+-----+
|DSP                  |        -|      -|        -|        -|    -|
|Expression           |        -|      -|        0|     2392|    -|
|FIFO                 |        -|      -|        -|        -|    -|
|Instance             |        -|      -|        -|        -|    -|
|Memory               |        -|      -|        -|        -|    -|
|Multiplexer          |        -|      -|        -|       66|    -|
|Register             |        0|      -|      816|       96|    -|
+---------------------+---------+-------+---------+---------+-----+
|Total                |        0|      0|      816|     2554|    0|
+---------------------+---------+-------+---------+---------+-----+
|Available SLR        |     1440|   2280|   788160|   394080|  320|
+---------------------+---------+-------+---------+---------+-----+
|Utilization SLR (%)  |        0|      0|    ~0   |    ~0   |    0|
+---------------------+---------+-------+---------+---------+-----+
|Available            |     4320|   6840|  2364480|  1182240|  960|
+---------------------+---------+-------+---------+---------+-----+
|Utilization (%)      |        0|      0|    ~0   |    ~0   |    0|
+---------------------+---------+-------+---------+---------+-----+

+ Detail: 
    * Instance: 
    N/A

    * DSP48E: 
    N/A

    * Memory: 
    N/A

    * FIFO: 
    N/A

    * Expression: 
    +-----------------------------------+----------+-------+---+------+------------+------------+
    |           Variable Name           | Operation| DSP48E| FF|  LUT | Bitwidth P0| Bitwidth P1|
    +-----------------------------------+----------+-------+---+------+------------+------------+
    |add_ln36_1_fu_157_p2               |     +    |      0|  0|    59|          59|          59|
    |add_ln36_2_fu_169_p2               |     +    |      0|  0|    17|          15|          17|
    |add_ln36_3_fu_195_p2               |     +    |      0|  0|    18|          18|          18|
    |add_ln36_fu_130_p2                 |     +    |      0|  0|    18|          17|          18|
    |i_fu_120_p2                        |     +    |      0|  0|    17|          17|           1|
    |ap_block_state10_pp0_stage0_iter8  |    and   |      0|  0|     2|           1|           1|
    |ap_block_state3_io                 |    and   |      0|  0|     2|           1|           1|
    |ap_ext_blocking_cur_n              |    and   |      0|  0|     2|           1|           1|
    |ap_ext_blocking_n                  |    and   |      0|  0|     2|           1|           2|
    |ap_int_blocking_n                  |    and   |      0|  0|     2|           2|           2|
    |ap_str_blocking_n                  |    and   |      0|  0|     2|           2|           2|
    |icmp_ln31_fu_114_p2                |   icmp   |      0|  0|    20|          17|          13|
    |icmp_ln36_fu_163_p2                |   icmp   |      0|  0|    20|          17|          16|
    |lshr_ln36_fu_222_p2                |   lshr   |      0|  0|  2171|         512|         512|
    |ap_block_pp0_stage0_11001          |    or    |      0|  0|     2|           1|           1|
    |select_ln36_1_fu_187_p3            |  select  |      0|  0|    17|           1|           1|
    |select_ln36_fu_175_p3              |  select  |      0|  0|    17|           1|          17|
    |ap_enable_pp0                      |    xor   |      0|  0|     2|           1|           2|
    |ap_enable_reg_pp0_iter1            |    xor   |      0|  0|     2|           2|           1|
    +-----------------------------------+----------+-------+---+------+------------+------------+
    |Total                              |          |      0|  0|  2392|         686|         685|
    +-----------------------------------+----------+-------+---+------+------------+------------+

    * Multiplexer: 
    +-------------------------+----+-----------+-----+-----------+
    |           Name          | LUT| Input Size| Bits| Total Bits|
    +-------------------------+----+-----------+-----+-----------+
    |ap_NS_fsm                |  21|          4|    1|          4|
    |ap_enable_reg_pp0_iter1  |   9|          2|    1|          2|
    |ap_enable_reg_pp0_iter9  |   9|          2|    1|          2|
    |i_0_reg_103              |   9|          2|   17|         34|
    |src_blk_n_AR             |   9|          2|    1|          2|
    |src_blk_n_R              |   9|          2|    1|          2|
    +-------------------------+----+-----------+-----+-----------+
    |Total                    |  66|         14|   22|         46|
    +-------------------------+----+-----------+-----+-----------+

    * Register: 
    +-------------------------+-----+----+-----+-----------+
    |           Name          |  FF | LUT| Bits| Const Bits|
    +-------------------------+-----+----+-----+-----------+
    |add_ln36_1_reg_255       |   59|   0|   59|          0|
    |add_ln36_3_reg_260       |   18|   0|   18|          0|
    |ap_CS_fsm                |    3|   0|    3|          0|
    |ap_enable_reg_pp0_iter0  |    1|   0|    1|          0|
    |ap_enable_reg_pp0_iter1  |    1|   0|    1|          0|
    |ap_enable_reg_pp0_iter2  |    1|   0|    1|          0|
    |ap_enable_reg_pp0_iter3  |    1|   0|    1|          0|
    |ap_enable_reg_pp0_iter4  |    1|   0|    1|          0|
    |ap_enable_reg_pp0_iter5  |    1|   0|    1|          0|
    |ap_enable_reg_pp0_iter6  |    1|   0|    1|          0|
    |ap_enable_reg_pp0_iter7  |    1|   0|    1|          0|
    |ap_enable_reg_pp0_iter8  |    1|   0|    1|          0|
    |ap_enable_reg_pp0_iter9  |    1|   0|    1|          0|
    |i_0_reg_103              |   17|   0|   17|          0|
    |icmp_ln31_reg_241        |    1|   0|    1|          0|
    |src_addr_read_reg_271    |  512|   0|  512|          0|
    |trunc_ln36_reg_250       |    4|   0|    4|          0|
    |add_ln36_3_reg_260       |   64|  32|   18|          0|
    |icmp_ln31_reg_241        |   64|  32|    1|          0|
    |trunc_ln36_reg_250       |   64|  32|    4|          0|
    +-------------------------+-----+----+-----+-----------+
    |Total                    |  816|  96|  647|          0|
    +-------------------------+-----+----+-----+-----------+



================================================================
== Interface
================================================================
* Summary: 
+--------------------+-----+-----+------------+-------------------+--------------+
|      RTL Ports     | Dir | Bits|  Protocol  |   Source Object   |    C Type    |
+--------------------+-----+-----+------------+-------------------+--------------+
|ap_clk              |  in |    1| ap_ctrl_hs | merlin_memcpy_0.0 | return value |
|ap_rst              |  in |    1| ap_ctrl_hs | merlin_memcpy_0.0 | return value |
|ap_start            |  in |    1| ap_ctrl_hs | merlin_memcpy_0.0 | return value |
|ap_done             | out |    1| ap_ctrl_hs | merlin_memcpy_0.0 | return value |
|ap_idle             | out |    1| ap_ctrl_hs | merlin_memcpy_0.0 | return value |
|ap_ready            | out |    1| ap_ctrl_hs | merlin_memcpy_0.0 | return value |
|ap_ext_blocking_n   | out |    1| ap_ctrl_hs | merlin_memcpy_0.0 | return value |
|ap_str_blocking_n   | out |    1| ap_ctrl_hs | merlin_memcpy_0.0 | return value |
|ap_int_blocking_n   | out |    1| ap_ctrl_hs | merlin_memcpy_0.0 | return value |
|dst_address0        | out |   18|  ap_memory |        dst        |     array    |
|dst_ce0             | out |    1|  ap_memory |        dst        |     array    |
|dst_we0             | out |    1|  ap_memory |        dst        |     array    |
|dst_d0              | out |   32|  ap_memory |        dst        |     array    |
|m_axi_src_AWVALID   | out |    1|    m_axi   |        src        |    pointer   |
|m_axi_src_AWREADY   |  in |    1|    m_axi   |        src        |    pointer   |
|m_axi_src_AWADDR    | out |   64|    m_axi   |        src        |    pointer   |
|m_axi_src_AWID      | out |    1|    m_axi   |        src        |    pointer   |
|m_axi_src_AWLEN     | out |   32|    m_axi   |        src        |    pointer   |
|m_axi_src_AWSIZE    | out |    3|    m_axi   |        src        |    pointer   |
|m_axi_src_AWBURST   | out |    2|    m_axi   |        src        |    pointer   |
|m_axi_src_AWLOCK    | out |    2|    m_axi   |        src        |    pointer   |
|m_axi_src_AWCACHE   | out |    4|    m_axi   |        src        |    pointer   |
|m_axi_src_AWPROT    | out |    3|    m_axi   |        src        |    pointer   |
|m_axi_src_AWQOS     | out |    4|    m_axi   |        src        |    pointer   |
|m_axi_src_AWREGION  | out |    4|    m_axi   |        src        |    pointer   |
|m_axi_src_AWUSER    | out |    1|    m_axi   |        src        |    pointer   |
|m_axi_src_WVALID    | out |    1|    m_axi   |        src        |    pointer   |
|m_axi_src_WREADY    |  in |    1|    m_axi   |        src        |    pointer   |
|m_axi_src_WDATA     | out |  512|    m_axi   |        src        |    pointer   |
|m_axi_src_WSTRB     | out |   64|    m_axi   |        src        |    pointer   |
|m_axi_src_WLAST     | out |    1|    m_axi   |        src        |    pointer   |
|m_axi_src_WID       | out |    1|    m_axi   |        src        |    pointer   |
|m_axi_src_WUSER     | out |    1|    m_axi   |        src        |    pointer   |
|m_axi_src_ARVALID   | out |    1|    m_axi   |        src        |    pointer   |
|m_axi_src_ARREADY   |  in |    1|    m_axi   |        src        |    pointer   |
|m_axi_src_ARADDR    | out |   64|    m_axi   |        src        |    pointer   |
|m_axi_src_ARID      | out |    1|    m_axi   |        src        |    pointer   |
|m_axi_src_ARLEN     | out |   32|    m_axi   |        src        |    pointer   |
|m_axi_src_ARSIZE    | out |    3|    m_axi   |        src        |    pointer   |
|m_axi_src_ARBURST   | out |    2|    m_axi   |        src        |    pointer   |
|m_axi_src_ARLOCK    | out |    2|    m_axi   |        src        |    pointer   |
|m_axi_src_ARCACHE   | out |    4|    m_axi   |        src        |    pointer   |
|m_axi_src_ARPROT    | out |    3|    m_axi   |        src        |    pointer   |
|m_axi_src_ARQOS     | out |    4|    m_axi   |        src        |    pointer   |
|m_axi_src_ARREGION  | out |    4|    m_axi   |        src        |    pointer   |
|m_axi_src_ARUSER    | out |    1|    m_axi   |        src        |    pointer   |
|m_axi_src_RVALID    |  in |    1|    m_axi   |        src        |    pointer   |
|m_axi_src_RREADY    | out |    1|    m_axi   |        src        |    pointer   |
|m_axi_src_RDATA     |  in |  512|    m_axi   |        src        |    pointer   |
|m_axi_src_RLAST     |  in |    1|    m_axi   |        src        |    pointer   |
|m_axi_src_RID       |  in |    1|    m_axi   |        src        |    pointer   |
|m_axi_src_RUSER     |  in |    1|    m_axi   |        src        |    pointer   |
|m_axi_src_RRESP     |  in |    2|    m_axi   |        src        |    pointer   |
|m_axi_src_BVALID    |  in |    1|    m_axi   |        src        |    pointer   |
|m_axi_src_BREADY    | out |    1|    m_axi   |        src        |    pointer   |
|m_axi_src_BRESP     |  in |    2|    m_axi   |        src        |    pointer   |
|m_axi_src_BID       |  in |    1|    m_axi   |        src        |    pointer   |
|m_axi_src_BUSER     |  in |    1|    m_axi   |        src        |    pointer   |
|src_offset          |  in |   58|   ap_none  |     src_offset    |    scalar    |
+--------------------+-----+-----+------------+-------------------+--------------+

