debug mode

====== Typedef replace ========>
=> nondefine func Orig: SgFunctionDeclaration:void __merlin_dummy_extern_int_merlin_include_G_() {...}
=> nondefine func REPLACE: SgFunctionDeclaration:void __merlin_dummy_extern_int_merlin_include_G_() {...}
=> nondefine func Orig: SgFunctionDeclaration:void __merlin_dummy_extern_int_merlin_include_G_() {...}
=> nondefine func REPLACE: SgFunctionDeclaration:void __merlin_dummy_extern_int_merlin_include_G_() {...}
=> nondefine func Orig: SgFunctionDeclaration:void __merlin_dummy_extern_int_merlin_include_G_() {...}
=> nondefine func REPLACE: SgFunctionDeclaration:void __merlin_dummy_extern_int_merlin_include_G_() {...}
=> nondefine func Orig: SgFunctionDeclaration:void __merlin_dummy_extern_int_merlin_include_G_() {...}
=> nondefine func REPLACE: SgFunctionDeclaration:void __merlin_dummy_extern_int_merlin_include_G_() {...}
=> nondefine func Orig: SgFunctionDeclaration:void __merlin_dummy_889() {...}
=> nondefine func REPLACE: SgFunctionDeclaration:void __merlin_dummy_889() {...}
=> nondefine func Orig: SgFunctionDeclaration:void gcnconv_kernel(::merlin_uint_512* x,::merlin_uint_512* weight,int [2 *(88648 + 197... edge_index,::merlin_uint_512* result) {...}
=> nondefine func REPLACE: SgFunctionDeclaration:void gcnconv_kernel(::merlin_uint_512* x,::merlin_uint_512* weight,int [2 *(88648 + 197... edge_index,::merlin_uint_512* result) {...}
=> nondefine func Orig: SgFunctionDeclaration:void __merlin_dummy_extern_int_merlin_include_L_() {...}
=> nondefine func REPLACE: SgFunctionDeclaration:void __merlin_dummy_extern_int_merlin_include_L_() {...}
=> nondefine func Orig: SgFunctionDeclaration:void __merlin_dummy_extern_int_merlin_include_L_() {...}
=> nondefine func REPLACE: SgFunctionDeclaration:void __merlin_dummy_extern_int_merlin_include_L_() {...}
=> nondefine func Orig: SgFunctionDeclaration:void __merlin_dummy_extern_int_merlin_include_G_() {...}
=> nondefine func REPLACE: SgFunctionDeclaration:void __merlin_dummy_extern_int_merlin_include_G_() {...}
=> nondefine func Orig: SgFunctionDeclaration:void __merlin_dummy_extern_int_merlin_include_G_() {...}
=> nondefine func REPLACE: SgFunctionDeclaration:void __merlin_dummy_extern_int_merlin_include_G_() {...}
=> nondefine func Orig: SgFunctionDeclaration:void __merlin_dummy_extern_int_merlin_include_G_() {...}
=> nondefine func REPLACE: SgFunctionDeclaration:void __merlin_dummy_extern_int_merlin_include_G_() {...}
=> nondefine func Orig: SgFunctionDeclaration:void __merlin_dummy_extern_int_merlin_include_G_() {...}
=> nondefine func REPLACE: SgFunctionDeclaration:void __merlin_dummy_extern_int_merlin_include_G_() {...}
=> nondefine func Orig: SgFunctionDeclaration:void __merlin_dummy_extern_int_merlin_include_G_() {...}
=> nondefine func REPLACE: SgFunctionDeclaration:void __merlin_dummy_extern_int_merlin_include_G_() {...}
=> nondefine func Orig: SgFunctionDeclaration:void __merlin_dummy_kernel_pragma() {...}
=> nondefine func REPLACE: SgFunctionDeclaration:void __merlin_dummy_kernel_pragma() {...}
[MARS-PARALLEL-MSG] Xilinx flow mode.
==============================================
-----=# Fine-grained Parallel Optimization Start#=----
==============================================
FUNC in: SgFunctionDeclaration:::uint64_t merlin_get_range_512(::merlin_uint_512* tmp,int low,int len) {...}
FUNC in: SgFunctionDeclaration:void merlin_set_range_512(::merlin_uint_512* tmp,int low,int len,::uint64_t val) {...}
FUNC in: SgFunctionDeclaration:void gcnconv_kernel(::merlin_uint_512* x,::merlin_uint_512* weight,int [2 *(88648 + 197... edge_index,::merlin_uint_512* result) {...}
[print topo:]1
[print topo:]12
--result[0] 315472
--edge_index[0] 216730
--weight[0] 8000
--x[0] 9858500
[MARS-IR-ANALYZE] Function tracing process...
target array: SgInitializedName:bus_width
kernel: SgFunctionDeclaration:void memcpy_wide_bus_read_float_2d_16_512(float [][16] a_buf,::size_t index2_offset,::size_t index1_offset,::merlin_uint_512* a,::size_t offset_byte,::size_t size_byte,const ::size_t const_buf_size) {...}
[MARS-IR-MSG] Array/pointer 'SgInitializedName:bus_width' is a local declared array/pointer.
[MARS-IR-ANALYZE] Function tracing process...
target array: SgInitializedName:data_width
kernel: SgFunctionDeclaration:void memcpy_wide_bus_read_float_2d_16_512(float [][16] a_buf,::size_t index2_offset,::size_t index1_offset,::merlin_uint_512* a,::size_t offset_byte,::size_t size_byte,const ::size_t const_buf_size) {...}
[MARS-IR-MSG] Array/pointer 'SgInitializedName:data_width' is a local declared array/pointer.
[MARS-IR-ANALYZE] Function tracing process...
target array: SgInitializedName:size_byte
kernel: SgFunctionDeclaration:void memcpy_wide_bus_read_float_2d_16_512(float [][16] a_buf,::size_t index2_offset,::size_t index1_offset,::merlin_uint_512* a,::size_t offset_byte,::size_t size_byte,const ::size_t const_buf_size) {...}
[MARS-IR-ANALYZE] Function tracing process...
target array: SgInitializedName:offset_byte
kernel: SgFunctionDeclaration:void memcpy_wide_bus_read_float_2d_16_512(float [][16] a_buf,::size_t index2_offset,::size_t index1_offset,::merlin_uint_512* a,::size_t offset_byte,::size_t size_byte,const ::size_t const_buf_size) {...}
[MARS-IR-ANALYZE] Function tracing process...
target array: SgInitializedName:offset
kernel: SgFunctionDeclaration:void memcpy_wide_bus_read_float_2d_16_512(float [][16] a_buf,::size_t index2_offset,::size_t index1_offset,::merlin_uint_512* a,::size_t offset_byte,::size_t size_byte,const ::size_t const_buf_size) {...}
[MARS-IR-MSG] Array/pointer 'SgInitializedName:offset' is a local declared array/pointer.
[MARS-IR-ANALYZE] Function tracing process...
target array: SgInitializedName:num_elements
kernel: SgFunctionDeclaration:void memcpy_wide_bus_read_float_2d_16_512(float [][16] a_buf,::size_t index2_offset,::size_t index1_offset,::merlin_uint_512* a,::size_t offset_byte,::size_t size_byte,const ::size_t const_buf_size) {...}
[MARS-IR-MSG] Array/pointer 'SgInitializedName:num_elements' is a local declared array/pointer.
[MARS-IR-ANALYZE] Function tracing process...
target array: SgInitializedName:buf_size
kernel: SgFunctionDeclaration:void memcpy_wide_bus_read_float_2d_16_512(float [][16] a_buf,::size_t index2_offset,::size_t index1_offset,::merlin_uint_512* a,::size_t offset_byte,::size_t size_byte,const ::size_t const_buf_size) {...}
[MARS-IR-MSG] Array/pointer 'SgInitializedName:buf_size' is a local declared array/pointer.
[MARS-IR-ANALYZE] Function tracing process...
target array: SgInitializedName:new_offset
kernel: SgFunctionDeclaration:void memcpy_wide_bus_read_float_2d_16_512(float [][16] a_buf,::size_t index2_offset,::size_t index1_offset,::merlin_uint_512* a,::size_t offset_byte,::size_t size_byte,const ::size_t const_buf_size) {...}
[MARS-IR-MSG] Array/pointer 'SgInitializedName:new_offset' is a local declared array/pointer.
[MARS-IR-ANALYZE] Function tracing process...
target array: SgInitializedName:index2_offset
kernel: SgFunctionDeclaration:void memcpy_wide_bus_read_float_2d_16_512(float [][16] a_buf,::size_t index2_offset,::size_t index1_offset,::merlin_uint_512* a,::size_t offset_byte,::size_t size_byte,const ::size_t const_buf_size) {...}
[MARS-IR-ANALYZE] Function tracing process...
target array: SgInitializedName:index1_offset
kernel: SgFunctionDeclaration:void memcpy_wide_bus_read_float_2d_16_512(float [][16] a_buf,::size_t index2_offset,::size_t index1_offset,::merlin_uint_512* a,::size_t offset_byte,::size_t size_byte,const ::size_t const_buf_size) {...}
[MARS-IR-ANALYZE] Function tracing process...
target array: SgInitializedName:end
kernel: SgFunctionDeclaration:void memcpy_wide_bus_read_float_2d_16_512(float [][16] a_buf,::size_t index2_offset,::size_t index1_offset,::merlin_uint_512* a,::size_t offset_byte,::size_t size_byte,const ::size_t const_buf_size) {...}
[MARS-IR-MSG] Array/pointer 'SgInitializedName:end' is a local declared array/pointer.
[MARS-IR-ANALYZE] Function tracing process...
target array: SgInitializedName:start
kernel: SgFunctionDeclaration:void memcpy_wide_bus_read_float_2d_16_512(float [][16] a_buf,::size_t index2_offset,::size_t index1_offset,::merlin_uint_512* a,::size_t offset_byte,::size_t size_byte,const ::size_t const_buf_size) {...}
[MARS-IR-MSG] Array/pointer 'SgInitializedName:start' is a local declared array/pointer.
[MARS-IR-ANALYZE] Function tracing process...
target array: SgInitializedName:head_align
kernel: SgFunctionDeclaration:void memcpy_wide_bus_read_float_2d_16_512(float [][16] a_buf,::size_t index2_offset,::size_t index1_offset,::merlin_uint_512* a,::size_t offset_byte,::size_t size_byte,const ::size_t const_buf_size) {...}
[MARS-IR-MSG] Array/pointer 'SgInitializedName:head_align' is a local declared array/pointer.
[MARS-IR-ANALYZE] Function tracing process...
target array: SgInitializedName:const_buf_size
kernel: SgFunctionDeclaration:void memcpy_wide_bus_read_float_2d_16_512(float [][16] a_buf,::size_t index2_offset,::size_t index1_offset,::merlin_uint_512* a,::size_t offset_byte,::size_t size_byte,const ::size_t const_buf_size) {...}
[MARS-IR-ANALYZE] Function tracing process...
target array: SgInitializedName:__PRETTY_FUNCTION__
kernel: nullptr
[MARS-IR-MSG] Array/pointer 'SgInitializedName:__PRETTY_FUNCTION__' is a local declared array/pointer.
[MARS-IR-ANALYZE] Function tracing process...
target array: SgInitializedName:head_align
kernel: SgFunctionDeclaration:void memcpy_wide_bus_read_float_2d_16_512(float [][16] a_buf,::size_t index2_offset,::size_t index1_offset,::merlin_uint_512* a,::size_t offset_byte,::size_t size_byte,const ::size_t const_buf_size) {...}
[MARS-IR-MSG] Array/pointer 'SgInitializedName:head_align' is a local declared array/pointer.
[MARS-IR-ANALYZE] Function tracing process...
target array: SgInitializedName:tail_align
kernel: SgFunctionDeclaration:void memcpy_wide_bus_read_float_2d_16_512(float [][16] a_buf,::size_t index2_offset,::size_t index1_offset,::merlin_uint_512* a,::size_t offset_byte,::size_t size_byte,const ::size_t const_buf_size) {...}
[MARS-IR-MSG] Array/pointer 'SgInitializedName:tail_align' is a local declared array/pointer.
[MARS-IR-ANALYZE] Function tracing process...
target array: SgInitializedName:index_offset
kernel: SgFunctionDeclaration:void memcpy_wide_bus_read_float_2d_16_512(float [][16] a_buf,::size_t index2_offset,::size_t index1_offset,::merlin_uint_512* a,::size_t offset_byte,::size_t size_byte,const ::size_t const_buf_size) {...}
[MARS-IR-MSG] Array/pointer 'SgInitializedName:index_offset' is a local declared array/pointer.
[MARS-IR-ANALYZE] Function tracing process...
target array: SgInitializedName:weight
kernel: SgFunctionDeclaration:void gcnconv_kernel(::merlin_uint_512* x,::merlin_uint_512* weight,int [2 *(88648 + 197... edge_index,::merlin_uint_512* result) {...}
[MARS-IR-ANALYZE] Function tracing process...
target array: SgInitializedName:start
kernel: SgFunctionDeclaration:void memcpy_wide_bus_read_float_2d_16_512(float [][16] a_buf,::size_t index2_offset,::size_t index1_offset,::merlin_uint_512* a,::size_t offset_byte,::size_t size_byte,const ::size_t const_buf_size) {...}
[MARS-IR-MSG] Array/pointer 'SgInitializedName:start' is a local declared array/pointer.
[MARS-IR-ANALYZE] Function tracing process...
target array: SgInitializedName:data_width
kernel: SgFunctionDeclaration:void memcpy_wide_bus_read_float_2d_16_512(float [][16] a_buf,::size_t index2_offset,::size_t index1_offset,::merlin_uint_512* a,::size_t offset_byte,::size_t size_byte,const ::size_t const_buf_size) {...}
[MARS-IR-MSG] Array/pointer 'SgInitializedName:data_width' is a local declared array/pointer.
[MARS-IR-ANALYZE] Function tracing process...
target array: SgInitializedName:buf_index
kernel: SgFunctionDeclaration:void memcpy_wide_bus_read_float_2d_16_512(float [][16] a_buf,::size_t index2_offset,::size_t index1_offset,::merlin_uint_512* a,::size_t offset_byte,::size_t size_byte,const ::size_t const_buf_size) {...}
[MARS-IR-MSG] Array/pointer 'SgInitializedName:buf_index' is a local declared array/pointer.
[MARS-IR-ANALYZE] Function tracing process...
target array: SgInitializedName:raw_bits
kernel: SgFunctionDeclaration:void memcpy_wide_bus_read_float_2d_16_512(float [][16] a_buf,::size_t index2_offset,::size_t index1_offset,::merlin_uint_512* a,::size_t offset_byte,::size_t size_byte,const ::size_t const_buf_size) {...}
[MARS-IR-MSG] Array/pointer 'SgInitializedName:raw_bits' is a local declared array/pointer.
[MARS-IR-ANALYZE] Function tracing process...
target array: SgInitializedName:num_elements
kernel: SgFunctionDeclaration:void memcpy_wide_bus_read_float_2d_16_512(float [][16] a_buf,::size_t index2_offset,::size_t index1_offset,::merlin_uint_512* a,::size_t offset_byte,::size_t size_byte,const ::size_t const_buf_size) {...}
[MARS-IR-MSG] Array/pointer 'SgInitializedName:num_elements' is a local declared array/pointer.
[MARS-IR-ANALYZE] Function tracing process...
target array: SgInitializedName:head_align
kernel: SgFunctionDeclaration:void memcpy_wide_bus_read_float_2d_16_512(float [][16] a_buf,::size_t index2_offset,::size_t index1_offset,::merlin_uint_512* a,::size_t offset_byte,::size_t size_byte,const ::size_t const_buf_size) {...}
[MARS-IR-MSG] Array/pointer 'SgInitializedName:head_align' is a local declared array/pointer.
[MARS-IR-ANALYZE] Function tracing process...
target array: SgInitializedName:num_elements
kernel: SgFunctionDeclaration:void memcpy_wide_bus_read_float_2d_16_512(float [][16] a_buf,::size_t index2_offset,::size_t index1_offset,::merlin_uint_512* a,::size_t offset_byte,::size_t size_byte,const ::size_t const_buf_size) {...}
[MARS-IR-MSG] Array/pointer 'SgInitializedName:num_elements' is a local declared array/pointer.
[MARS-IR-ANALYZE] Function tracing process...
target array: SgInitializedName:end
kernel: SgFunctionDeclaration:void memcpy_wide_bus_read_float_2d_16_512(float [][16] a_buf,::size_t index2_offset,::size_t index1_offset,::merlin_uint_512* a,::size_t offset_byte,::size_t size_byte,const ::size_t const_buf_size) {...}
[MARS-IR-MSG] Array/pointer 'SgInitializedName:end' is a local declared array/pointer.
[MARS-IR-ANALYZE] Function tracing process...
target array: SgInitializedName:start
kernel: SgFunctionDeclaration:void memcpy_wide_bus_read_float_2d_16_512(float [][16] a_buf,::size_t index2_offset,::size_t index1_offset,::merlin_uint_512* a,::size_t offset_byte,::size_t size_byte,const ::size_t const_buf_size) {...}
[MARS-IR-MSG] Array/pointer 'SgInitializedName:start' is a local declared array/pointer.
[MARS-IR-ANALYZE] Function tracing process...
target array: SgInitializedName:tail_align
kernel: SgFunctionDeclaration:void memcpy_wide_bus_read_float_2d_16_512(float [][16] a_buf,::size_t index2_offset,::size_t index1_offset,::merlin_uint_512* a,::size_t offset_byte,::size_t size_byte,const ::size_t const_buf_size) {...}
[MARS-IR-MSG] Array/pointer 'SgInitializedName:tail_align' is a local declared array/pointer.
[MARS-IR-ANALYZE] Function tracing process...
target array: SgInitializedName:weight
kernel: SgFunctionDeclaration:void gcnconv_kernel(::merlin_uint_512* x,::merlin_uint_512* weight,int [2 *(88648 + 197... edge_index,::merlin_uint_512* result) {...}
[MARS-IR-ANALYZE] Function tracing process...
target array: SgInitializedName:data_width
kernel: SgFunctionDeclaration:void memcpy_wide_bus_read_float_2d_16_512(float [][16] a_buf,::size_t index2_offset,::size_t index1_offset,::merlin_uint_512* a,::size_t offset_byte,::size_t size_byte,const ::size_t const_buf_size) {...}
[MARS-IR-MSG] Array/pointer 'SgInitializedName:data_width' is a local declared array/pointer.
[MARS-IR-ANALYZE] Function tracing process...
target array: SgInitializedName:raw_bits
kernel: SgFunctionDeclaration:void memcpy_wide_bus_read_float_2d_16_512(float [][16] a_buf,::size_t index2_offset,::size_t index1_offset,::merlin_uint_512* a,::size_t offset_byte,::size_t size_byte,const ::size_t const_buf_size) {...}
[MARS-IR-MSG] Array/pointer 'SgInitializedName:raw_bits' is a local declared array/pointer.
[MARS-IR-ANALYZE] Function tracing process...
target array: SgInitializedName:bound
kernel: SgFunctionDeclaration:void memcpy_wide_bus_read_float_2d_16_512(float [][16] a_buf,::size_t index2_offset,::size_t index1_offset,::merlin_uint_512* a,::size_t offset_byte,::size_t size_byte,const ::size_t const_buf_size) {...}
[MARS-IR-MSG] Array/pointer 'SgInitializedName:bound' is a local declared array/pointer.
[MARS-IR-ANALYZE] Function tracing process...
target array: SgInitializedName:bound0
kernel: SgFunctionDeclaration:void memcpy_wide_bus_read_float_2d_16_512(float [][16] a_buf,::size_t index2_offset,::size_t index1_offset,::merlin_uint_512* a,::size_t offset_byte,::size_t size_byte,const ::size_t const_buf_size) {...}
[MARS-IR-MSG] Array/pointer 'SgInitializedName:bound0' is a local declared array/pointer.
[MARS-IR-ANALYZE] Function tracing process...
target array: SgInitializedName:j
kernel: SgFunctionDeclaration:void memcpy_wide_bus_read_float_2d_16_512(float [][16] a_buf,::size_t index2_offset,::size_t index1_offset,::merlin_uint_512* a,::size_t offset_byte,::size_t size_byte,const ::size_t const_buf_size) {...}
[MARS-IR-MSG] Array/pointer 'SgInitializedName:j' is a local declared array/pointer.
[MARS-IR-ANALYZE] Function tracing process...
target array: SgInitializedName:raw_bits
kernel: SgFunctionDeclaration:void memcpy_wide_bus_read_float_2d_16_512(float [][16] a_buf,::size_t index2_offset,::size_t index1_offset,::merlin_uint_512* a,::size_t offset_byte,::size_t size_byte,const ::size_t const_buf_size) {...}
[MARS-IR-MSG] Array/pointer 'SgInitializedName:raw_bits' is a local declared array/pointer.
[MARS-IR-ANALYZE] Function tracing process...
target array: SgInitializedName:index_offset
kernel: SgFunctionDeclaration:void memcpy_wide_bus_read_float_2d_16_512(float [][16] a_buf,::size_t index2_offset,::size_t index1_offset,::merlin_uint_512* a,::size_t offset_byte,::size_t size_byte,const ::size_t const_buf_size) {...}
[MARS-IR-MSG] Array/pointer 'SgInitializedName:index_offset' is a local declared array/pointer.
[MARS-IR-ANALYZE] Function tracing process...
target array: SgInitializedName:buf_index
kernel: SgFunctionDeclaration:void memcpy_wide_bus_read_float_2d_16_512(float [][16] a_buf,::size_t index2_offset,::size_t index1_offset,::merlin_uint_512* a,::size_t offset_byte,::size_t size_byte,const ::size_t const_buf_size) {...}
[MARS-IR-MSG] Array/pointer 'SgInitializedName:buf_index' is a local declared array/pointer.
[MARS-IR-ANALYZE] Function tracing process...
target array: SgInitializedName:raw_bits
kernel: SgFunctionDeclaration:void memcpy_wide_bus_read_float_2d_16_512(float [][16] a_buf,::size_t index2_offset,::size_t index1_offset,::merlin_uint_512* a,::size_t offset_byte,::size_t size_byte,const ::size_t const_buf_size) {...}
[MARS-IR-MSG] Array/pointer 'SgInitializedName:raw_bits' is a local declared array/pointer.
[MARS-IR-ANALYZE] Function tracing process...
target array: SgInitializedName:x_buf_0
kernel: SgFunctionDeclaration:void gcnconv_kernel(::merlin_uint_512* x,::merlin_uint_512* weight,int [2 *(88648 + 197... edge_index,::merlin_uint_512* result) {...}
[MARS-IR-MSG] Array/pointer 'SgInitializedName:x_buf_0' is a local declared array/pointer.
[MARS-IR-ANALYZE] Function tracing process...
target array: SgInitializedName:x
kernel: SgFunctionDeclaration:void gcnconv_kernel(::merlin_uint_512* x,::merlin_uint_512* weight,int [2 *(88648 + 197... edge_index,::merlin_uint_512* result) {...}
[MARS-IR-ANALYZE] Function tracing process...
target array: SgInitializedName:mul
kernel: SgFunctionDeclaration:void gcnconv_kernel(::merlin_uint_512* x,::merlin_uint_512* weight,int [2 *(88648 + 197... edge_index,::merlin_uint_512* result) {...}
[MARS-IR-MSG] Array/pointer 'SgInitializedName:mul' is a local declared array/pointer.
[MARS-IR-ANALYZE] Function tracing process...
target array: SgInitializedName:deg
kernel: SgFunctionDeclaration:void gcnconv_kernel(::merlin_uint_512* x,::merlin_uint_512* weight,int [2 *(88648 + 197... edge_index,::merlin_uint_512* result) {...}
[MARS-IR-MSG] Array/pointer 'SgInitializedName:deg' is a local declared array/pointer.
[MARS-IR-ANALYZE] Function tracing process...
target array: SgInitializedName:tmp_0
kernel: SgFunctionDeclaration:void gcnconv_kernel(::merlin_uint_512* x,::merlin_uint_512* weight,int [2 *(88648 + 197... edge_index,::merlin_uint_512* result) {...}
[MARS-IR-MSG] Array/pointer 'SgInitializedName:tmp_0' is a local declared array/pointer.
[MARS-IR-ANALYZE] Function tracing process...
target array: SgInitializedName:result
kernel: SgFunctionDeclaration:void gcnconv_kernel(::merlin_uint_512* x,::merlin_uint_512* weight,int [2 *(88648 + 197... edge_index,::merlin_uint_512* result) {...}
[MARS-IR-ANALYZE] Function tracing process...
target array: SgInitializedName:edge_index
kernel: SgFunctionDeclaration:void gcnconv_kernel(::merlin_uint_512* x,::merlin_uint_512* weight,int [2 *(88648 + 197... edge_index,::merlin_uint_512* result) {...}
[MARS-IR-ANALYZE] Function tracing process...
target array: SgInitializedName:weight_buf_0
kernel: SgFunctionDeclaration:void gcnconv_kernel(::merlin_uint_512* x,::merlin_uint_512* weight,int [2 *(88648 + 197... edge_index,::merlin_uint_512* result) {...}
[MARS-IR-MSG] Array/pointer 'SgInitializedName:weight_buf_0' is a local declared array/pointer.
[MARS-IR-ANALYZE] Function tracing process...
target array: SgInitializedName:edge_index_buf_3
kernel: SgFunctionDeclaration:void gcnconv_kernel(::merlin_uint_512* x,::merlin_uint_512* weight,int [2 *(88648 + 197... edge_index,::merlin_uint_512* result) {...}
[MARS-IR-MSG] Array/pointer 'SgInitializedName:edge_index_buf_3' is a local declared array/pointer.
[MARS-IR-ANALYZE] Function tracing process...
target array: SgInitializedName:edge_index_buf_2
kernel: SgFunctionDeclaration:void gcnconv_kernel(::merlin_uint_512* x,::merlin_uint_512* weight,int [2 *(88648 + 197... edge_index,::merlin_uint_512* result) {...}
[MARS-IR-MSG] Array/pointer 'SgInitializedName:edge_index_buf_2' is a local declared array/pointer.
[MARS-IR-ANALYZE] Function tracing process...
target array: SgInitializedName:edge_index_buf_1
kernel: SgFunctionDeclaration:void gcnconv_kernel(::merlin_uint_512* x,::merlin_uint_512* weight,int [2 *(88648 + 197... edge_index,::merlin_uint_512* result) {...}
[MARS-IR-MSG] Array/pointer 'SgInitializedName:edge_index_buf_1' is a local declared array/pointer.
[MARS-IR-ANALYZE] Function tracing process...
target array: SgInitializedName:edge_index_buf_0
kernel: SgFunctionDeclaration:void gcnconv_kernel(::merlin_uint_512* x,::merlin_uint_512* weight,int [2 *(88648 + 197... edge_index,::merlin_uint_512* result) {...}
[MARS-IR-MSG] Array/pointer 'SgInitializedName:edge_index_buf_0' is a local declared array/pointer.
[MARS-IR-ANALYZE] Function tracing process...
target array: SgInitializedName:edge_weight
kernel: SgFunctionDeclaration:void gcnconv_kernel(::merlin_uint_512* x,::merlin_uint_512* weight,int [2 *(88648 + 197... edge_index,::merlin_uint_512* result) {...}
[MARS-IR-MSG] Array/pointer 'SgInitializedName:edge_weight' is a local declared array/pointer.
[MARS-IR-ANALYZE] Function tracing process...
target array: SgInitializedName:x_mul
kernel: SgFunctionDeclaration:void gcnconv_kernel(::merlin_uint_512* x,::merlin_uint_512* weight,int [2 *(88648 + 197... edge_index,::merlin_uint_512* result) {...}
[MARS-IR-MSG] Array/pointer 'SgInitializedName:x_mul' is a local declared array/pointer.
[MARS-IR-ANALYZE] Function tracing process...
target array: SgInitializedName:deg_inv_sqrt
kernel: SgFunctionDeclaration:void gcnconv_kernel(::merlin_uint_512* x,::merlin_uint_512* weight,int [2 *(88648 + 197... edge_index,::merlin_uint_512* result) {...}
[MARS-IR-MSG] Array/pointer 'SgInitializedName:deg_inv_sqrt' is a local declared array/pointer.
[MARS-IR-ANALYZE] Function tracing process...
target array: SgInitializedName:norm
kernel: SgFunctionDeclaration:void gcnconv_kernel(::merlin_uint_512* x,::merlin_uint_512* weight,int [2 *(88648 + 197... edge_index,::merlin_uint_512* result) {...}
[MARS-IR-MSG] Array/pointer 'SgInitializedName:norm' is a local declared array/pointer.
[MARS-IR-ANALYZE] Function tracing process...
target array: SgInitializedName:index2
kernel: SgFunctionDeclaration:void memcpy_wide_bus_read_float_2d_16_512(float [][16] a_buf,::size_t index2_offset,::size_t index1_offset,::merlin_uint_512* a,::size_t offset_byte,::size_t size_byte,const ::size_t const_buf_size) {...}
[MARS-IR-MSG] Array/pointer 'SgInitializedName:index2' is a local declared array/pointer.
[MARS-IR-ANALYZE] Function tracing process...
target array: SgInitializedName:index1
kernel: SgFunctionDeclaration:void memcpy_wide_bus_read_float_2d_16_512(float [][16] a_buf,::size_t index2_offset,::size_t index1_offset,::merlin_uint_512* a,::size_t offset_byte,::size_t size_byte,const ::size_t const_buf_size) {...}
[MARS-IR-MSG] Array/pointer 'SgInitializedName:index1' is a local declared array/pointer.
[MARS-IR-ANALYZE] Function tracing process...
target array: SgInitializedName:aligned
kernel: SgFunctionDeclaration:void memcpy_wide_bus_read_float_2d_16_512(float [][16] a_buf,::size_t index2_offset,::size_t index1_offset,::merlin_uint_512* a,::size_t offset_byte,::size_t size_byte,const ::size_t const_buf_size) {...}
[MARS-IR-MSG] Array/pointer 'SgInitializedName:aligned' is a local declared array/pointer.
[MARS-IR-ANALYZE] Function tracing process...
target array: SgInitializedName:len
kernel: SgFunctionDeclaration:void memcpy_wide_bus_read_float_2d_16_512(float [][16] a_buf,::size_t index2_offset,::size_t index1_offset,::merlin_uint_512* a,::size_t offset_byte,::size_t size_byte,const ::size_t const_buf_size) {...}
[MARS-IR-MSG] Array/pointer 'SgInitializedName:len' is a local declared array/pointer.
[MARS-IR-ANALYZE] Function tracing process...
target array: SgInitializedName:len
kernel: SgFunctionDeclaration:void memcpy_wide_bus_read_float_2d_16_512(float [][16] a_buf,::size_t index2_offset,::size_t index1_offset,::merlin_uint_512* a,::size_t offset_byte,::size_t size_byte,const ::size_t const_buf_size) {...}
[MARS-IR-MSG] Array/pointer 'SgInitializedName:len' is a local declared array/pointer.
check ssst flag for variable 'len'
Not ssst because of multiple access nodes
[MARS-IR-ANALYZE] Function tracing process...
target array: SgInitializedName:index2
kernel: SgFunctionDeclaration:void memcpy_wide_bus_read_float_2d_16_512(float [][16] a_buf,::size_t index2_offset,::size_t index1_offset,::merlin_uint_512* a,::size_t offset_byte,::size_t size_byte,const ::size_t const_buf_size) {...}
[MARS-IR-MSG] Array/pointer 'SgInitializedName:index2' is a local declared array/pointer.
check ssst flag for variable 'index2'
[MARS-IR-ANALYZE] Function tracing process...
target array: SgInitializedName:index1
kernel: SgFunctionDeclaration:void memcpy_wide_bus_read_float_2d_16_512(float [][16] a_buf,::size_t index2_offset,::size_t index1_offset,::merlin_uint_512* a,::size_t offset_byte,::size_t size_byte,const ::size_t const_buf_size) {...}
[MARS-IR-MSG] Array/pointer 'SgInitializedName:index1' is a local declared array/pointer.
check ssst flag for variable 'index1'
[MARS-IR-ANALYZE] Function tracing process...
target array: SgInitializedName:aligned
kernel: SgFunctionDeclaration:void memcpy_wide_bus_read_float_2d_16_512(float [][16] a_buf,::size_t index2_offset,::size_t index1_offset,::merlin_uint_512* a,::size_t offset_byte,::size_t size_byte,const ::size_t const_buf_size) {...}
[MARS-IR-MSG] Array/pointer 'SgInitializedName:aligned' is a local declared array/pointer.
check ssst flag for variable 'aligned'
[MARS-IR-ANALYZE] Function tracing process...
target array: SgInitializedName:weight_buf_0
kernel: SgFunctionDeclaration:void gcnconv_kernel(::merlin_uint_512* x,::merlin_uint_512* weight,int [2 *(88648 + 197... edge_index,::merlin_uint_512* result) {...}
[MARS-IR-MSG] Array/pointer 'SgInitializedName:weight_buf_0' is a local declared array/pointer.
check ssst flag for variable 'weight_buf_0'
Not ssst because of multiple access nodes
[MARS-IR-ANALYZE] Function tracing process...
target array: SgInitializedName:x_mul
kernel: SgFunctionDeclaration:void gcnconv_kernel(::merlin_uint_512* x,::merlin_uint_512* weight,int [2 *(88648 + 197... edge_index,::merlin_uint_512* result) {...}
[MARS-IR-MSG] Array/pointer 'SgInitializedName:x_mul' is a local declared array/pointer.
check ssst flag for variable 'x_mul'
Not ssst flag because of range mismatch or inexact
[MARS-IR-ANALYZE] Function tracing process...
target array: SgInitializedName:edge_index_buf_2
kernel: SgFunctionDeclaration:void gcnconv_kernel(::merlin_uint_512* x,::merlin_uint_512* weight,int [2 *(88648 + 197... edge_index,::merlin_uint_512* result) {...}
[MARS-IR-MSG] Array/pointer 'SgInitializedName:edge_index_buf_2' is a local declared array/pointer.
check ssst flag for variable 'edge_index_buf_2'
Not ssst because of multiple access nodes
[MARS-IR-ANALYZE] Function tracing process...
target array: SgInitializedName:edge_index
kernel: SgFunctionDeclaration:void gcnconv_kernel(::merlin_uint_512* x,::merlin_uint_512* weight,int [2 *(88648 + 197... edge_index,::merlin_uint_512* result) {...}
[MARS-IR-ANALYZE] Function tracing process...
target array: SgInitializedName:edge_weight
kernel: SgFunctionDeclaration:void gcnconv_kernel(::merlin_uint_512* x,::merlin_uint_512* weight,int [2 *(88648 + 197... edge_index,::merlin_uint_512* result) {...}
[MARS-IR-MSG] Array/pointer 'SgInitializedName:edge_weight' is a local declared array/pointer.
check ssst flag for variable 'edge_weight'
Not ssst because of multiple access nodes
[MARS-IR-ANALYZE] Function tracing process...
target array: SgInitializedName:edge_index_buf_0
kernel: SgFunctionDeclaration:void gcnconv_kernel(::merlin_uint_512* x,::merlin_uint_512* weight,int [2 *(88648 + 197... edge_index,::merlin_uint_512* result) {...}
[MARS-IR-MSG] Array/pointer 'SgInitializedName:edge_index_buf_0' is a local declared array/pointer.
check ssst flag for variable 'edge_index_buf_0'
[MARS-IR-ANALYZE] Function tracing process...
target array: SgInitializedName:deg_inv_sqrt
kernel: SgFunctionDeclaration:void gcnconv_kernel(::merlin_uint_512* x,::merlin_uint_512* weight,int [2 *(88648 + 197... edge_index,::merlin_uint_512* result) {...}
[MARS-IR-MSG] Array/pointer 'SgInitializedName:deg_inv_sqrt' is a local declared array/pointer.
check ssst flag for variable 'deg_inv_sqrt'
Not ssst because of multiple references with different indices
[MARS-IR-ANALYZE] Function tracing process...
target array: SgInitializedName:edge_index_buf_1
kernel: SgFunctionDeclaration:void gcnconv_kernel(::merlin_uint_512* x,::merlin_uint_512* weight,int [2 *(88648 + 197... edge_index,::merlin_uint_512* result) {...}
[MARS-IR-MSG] Array/pointer 'SgInitializedName:edge_index_buf_1' is a local declared array/pointer.
check ssst flag for variable 'edge_index_buf_1'
Not ssst because of multiple references with different indices
[MARS-IR-ANALYZE] Function tracing process...
target array: SgInitializedName:norm
kernel: SgFunctionDeclaration:void gcnconv_kernel(::merlin_uint_512* x,::merlin_uint_512* weight,int [2 *(88648 + 197... edge_index,::merlin_uint_512* result) {...}
[MARS-IR-MSG] Array/pointer 'SgInitializedName:norm' is a local declared array/pointer.
check ssst flag for variable 'norm'
[MARS-IR-ANALYZE] Function tracing process...
target array: SgInitializedName:edge_index_buf_3
kernel: SgFunctionDeclaration:void gcnconv_kernel(::merlin_uint_512* x,::merlin_uint_512* weight,int [2 *(88648 + 197... edge_index,::merlin_uint_512* result) {...}
[MARS-IR-MSG] Array/pointer 'SgInitializedName:edge_index_buf_3' is a local declared array/pointer.
check ssst flag for variable 'edge_index_buf_3'
Not ssst because of multiple references with different indices
==============================================
-----=# Loop Parallel Xilinx Optimization Start#=----
==============================================
Merlin Pass [Dependency Resolve: Multiply Assign Reduce] started ... 
FUNC in: SgFunctionDeclaration:::uint64_t merlin_get_range_512(::merlin_uint_512* tmp,int low,int len) {...}
FUNC in: SgFunctionDeclaration:void merlin_set_range_512(::merlin_uint_512* tmp,int low,int len,::uint64_t val) {...}
FUNC in: SgFunctionDeclaration:void gcnconv_kernel(::merlin_uint_512* x,::merlin_uint_512* weight,int [2 *(88648 + 197... edge_index,::merlin_uint_512* result) {...}
[print topo:]1
[print topo:]12
--result[0] 315472
--edge_index[0] 216730
--weight[0] 8000
--x[0] 9858500
[print topo:]1
[DER ALGO][getPipelinedLoops]find a pipelined loop: SgForStatement:for(int i = 0;i < 19717;++i) {...}
[DER ALGO][getPipelinedLoops]find a pipelined loop: SgForStatement:for(int i = 0;i < 88648 + 19717;++i) {...}
[DER ALGO][getPipelinedLoops]find a pipelined loop: SgForStatement:for(int i = 0;i < 88648 + 19717;++i) {...}
[DER ALGO][getPipelinedLoops]find a pipelined loop: SgForStatement:for(int i = 0;i < 19717;++i) {...}
[DER ALGO][getPipelinedLoops]find a pipelined loop: SgForStatement:for(int i = 0;i < 88648 + 19717;++i) {...}
[DER ALGO][getPipelinedLoops]find a pipelined loop: SgForStatement:for(int i = 0;i < 88648 + 19717;++i) {...}
[DER ALGO][getPipelinedLoops]find a pipelined loop: SgForStatement:for(int k = 0;k < 500;++k) {...}
[print topo:]1
trace loop : SgBasicBlock:{float x_buf_0[500];#pragma HLS array_partition variable=x_buf_0 cyclic factor = 16 dim=1memcpy_wide_bus_read_float_512(&x_buf_0[0],(merlin_uint_512 *)x,(i * 500 * 4),sizeof(float ) *((unsigned long )500),500L);matrix_mul_j:for(int j = 0;j < 16;++j) {float mul =(float )0;matrix_mul_k:for(int k = 0;k < 500;++k) {#pragma ACCEL PIPELINE AUTOmul += x_buf_0[k] * weight_buf_0[k][j];}x_mul[i][j] = mul;}}
fine: 0
trace loop : SgBasicBlock:{#pragma ACCEL PIPELINE AUTOassign_index_j:for(int j = 0;j < 2;++j) {#pragma ACCEL PARALLEL COMPLETEedge_index_buf_2[j][i] = i;}}
fine: 1
trace loop : SgBasicBlock:{#pragma ACCEL PIPELINE AUTOedge_weight[i] =((float )1);}
fine: 1
trace loop : SgBasicBlock:{#pragma ACCEL PIPELINE AUTOdeg[edge_index_buf_0[i]] += edge_weight[i];}
fine: 1
trace loop : SgBasicBlock:{#pragma ACCEL PIPELINE AUTOdeg_inv_sqrt[i] =((float )1) / sqrtf(deg[i]);}
fine: 1
trace loop : SgBasicBlock:{#pragma ACCEL PIPELINE AUTOnorm[i] = deg_inv_sqrt[edge_index_buf_1[i]] * edge_weight[i] * deg_inv_sqrt[edge_index_buf_1[108365 + i]];}
fine: 1
trace loop : SgBasicBlock:{#pragma ACCEL PIPELINE AUTOcalc_result_j:for(int j = 0;j < 16;++j) {float tmp_0;#pragma ACCEL PARALLEL COMPLETEtmp_0 = memcpy_wide_bus_single_read_float_512((merlin_uint_512 *)result,((edge_index_buf_3[108365 + i] * 16 + j) * 4));tmp_0 += norm[i] * x_mul[edge_index_buf_3[i]][j];memcpy_wide_bus_single_write_float_512((merlin_uint_512 *)result,tmp_0,(4 *(edge_index_buf_3[108365 + i] * 16 + j)));}}
fine: 1
trace loop : SgBasicBlock:{float mul =(float )0;matrix_mul_k:for(int k = 0;k < 500;++k) {#pragma ACCEL PIPELINE AUTOmul += x_buf_0[k] * weight_buf_0[k][j];}x_mul[i][j] = mul;}
fine: 0
trace loop : SgBasicBlock:{#pragma ACCEL PARALLEL COMPLETEedge_index_buf_2[j][i] = i;}
fine: 1
trace loop : SgBasicBlock:{float tmp_0;#pragma ACCEL PARALLEL COMPLETEtmp_0 = memcpy_wide_bus_single_read_float_512((merlin_uint_512 *)result,((edge_index_buf_3[108365 + i] * 16 + j) * 4));tmp_0 += norm[i] * x_mul[edge_index_buf_3[i]][j];memcpy_wide_bus_single_write_float_512((merlin_uint_512 *)result,tmp_0,(4 *(edge_index_buf_3[108365 + i] * 16 + j)));}
fine: 1
trace loop : SgBasicBlock:{#pragma ACCEL PIPELINE AUTOmul += x_buf_0[k] * weight_buf_0[k][j];}
fine: 1
[MARS-PARALLEL-MSG] Xilinx flow mode.
===============================================
=========>  Memory Partition Optimization Start
Check exisiting HLS partition pragma...
[MARS-IR-PARSING] Find HLS array partition pragma
arg: SgPragmaDeclaration:#pragma HLS array_partition variable=weight_buf_0 cyclic factor = 16 dim=2
[arg:] init:SgInitializedName:weight_buf_0
[MARS-IR-PARSING] Find HLS array partition pragma
arg: SgPragmaDeclaration:#pragma HLS array_partition variable=x_buf_0 cyclic factor = 16 dim=1
[arg:] init:SgInitializedName:x_buf_0
[print] Existing partition pragmas:
2
arr: weight_buf_0
1
#pragma HLS array_partition variable=weight_buf_0 cyclic factor = 16 dim=2
arr: x_buf_0
1
#pragma HLS array_partition variable=x_buf_0 cyclic factor = 16 dim=1


 ###### Partition analysis...
   pntr: SgPntrArrRefExp:x_buf_0[k]
   pntr: SgPntrArrRefExp:weight_buf_0[k][j]


Partition analysis node...
--result[0] 315472
--edge_index[0] 216730
--weight[0] 8000
--x[0] 9858500
Partition opt is: -1

==>Array: weight_buf_0

==>Array: weight_buf_0

 ==> parse access in dimension 1
Get index : j
[print ==>] Unroll the references in SgForStatement:for(int k = 0;k < 500;++k) {...}
 original refs: 1
[print ==>] Unroll the references, repeated refs: 0
         ==> dimension 2==> factor partition factor: 1

 ==> parse access in dimension 0
Get index : k
[print ==>] Unroll the references in SgForStatement:for(int k = 0;k < 500;++k) {...}
 original refs: 1
[print ==>] Unroll the references, repeated refs: 0
         ==> dimension 1==> factor partition factor: 1

==>Array: x_buf_0

==>Array: x_buf_0

 ==> parse access in dimension 0
Get index : k
[print ==>] Unroll the references in SgForStatement:for(int k = 0;k < 500;++k) {...}
 original refs: 1
[print ==>] Unroll the references, repeated refs: 0
         ==> dimension 1==> factor partition factor: 1
   pntr: SgPntrArrRefExp:edge_index_buf_2[j][i]


Partition analysis node...
--result[0] 315472
--edge_index[0] 216730
--weight[0] 8000
--x[0] 9858500
Partition opt is: -1

==>Array: edge_index_buf_2

==>Array: edge_index_buf_2

 ==> parse access in dimension 1
Get index : i
[print ==>] Unroll the references in SgForStatement:for(int i = 0;i < 19717;++i) {...}
 original refs: 1
[print ==>] Unroll the references, repeated refs: 0
         ==> dimension 2==> factor partition factor: 1

 ==> parse access in dimension 0
Get index : j
[print ==>] Unroll the references in SgForStatement:for(int i = 0;i < 19717;++i) {...}
 original refs: 1
[print ==>] Unroll the references, repeated refs: 0
         ==> dimension 1==> factor partition factor: 1
   pntr: SgPntrArrRefExp:edge_index_buf_2[j][i]


Partition analysis node...
--result[0] 315472
--edge_index[0] 216730
--weight[0] 8000
--x[0] 9858500
Partition opt is: 0

==>Array: edge_index_buf_2

==>Array: edge_index_buf_2

 ==> parse access in dimension 1
Get index : i
[print ==>] Unroll the references in SgForStatement:for(int j = 0;j < 2;++j) {...}
 original refs: 1
[print ==>] Unroll the references, repeated refs: 0
         ==> dimension 2==> factor partition factor: 1

 ==> parse access in dimension 0
Get index : j
[print ==>] Unroll the references in SgForStatement:for(int j = 0;j < 2;++j) {...}
 original refs: 1
[print ==>] Unroll the references, repeated refs: 0
         ==> dimension 1==> factor partition factor: 1
   pntr: SgPntrArrRefExp:edge_weight[i]


Partition analysis node...
--result[0] 315472
--edge_index[0] 216730
--weight[0] 8000
--x[0] 9858500
Partition opt is: -1

==>Array: edge_weight

==>Array: edge_weight

 ==> parse access in dimension 0
Get index : i
[print ==>] Unroll the references in SgForStatement:for(int i = 0;i < 88648 + 19717;++i) {...}
 original refs: 1
[print ==>] Unroll the references, repeated refs: 0
         ==> dimension 1==> factor partition factor: 1
   pntr: SgPntrArrRefExp:deg[edge_index_buf_0[i]]
   pntr: SgPntrArrRefExp:edge_index_buf_0[i]
   pntr: SgPntrArrRefExp:edge_weight[i]


Partition analysis node...
--result[0] 315472
--edge_index[0] 216730
--weight[0] 8000
--x[0] 9858500
Partition opt is: -1

==>Array: edge_index_buf_0

==>Array: edge_index_buf_0

 ==> parse access in dimension 0
Get index : i
[print ==>] Unroll the references in SgForStatement:for(int i = 0;i < 88648 + 19717;++i) {...}
 original refs: 1
[print ==>] Unroll the references, repeated refs: 0
         ==> dimension 1==> factor partition factor: 1

==>Array: edge_weight

==>Array: edge_weight

 ==> parse access in dimension 0
Get index : i
[print ==>] Unroll the references in SgForStatement:for(int i = 0;i < 88648 + 19717;++i) {...}
 original refs: 1
[print ==>] Unroll the references, repeated refs: 0
         ==> dimension 1==> factor partition factor: 1

==>Array: deg

==>Array: deg

 ==> parse access in dimension 0
Get index : edge_index_buf_0[i]
==> Variable in the index:SgPntrArrRefExp:edge_index_buf_0[i]
[print ==>] Unroll the references in SgForStatement:for(int i = 0;i < 88648 + 19717;++i) {...}
 original refs: 1
idx: SgPntrArrRefExp:edge_index_buf_0[i],19717,0
[print ==>] Unroll the references, repeated refs: 0
         ==> dimension 1==> factor partition factor: 1
   pntr: SgPntrArrRefExp:deg_inv_sqrt[i]
   pntr: SgPntrArrRefExp:deg[i]


Partition analysis node...
--result[0] 315472
--edge_index[0] 216730
--weight[0] 8000
--x[0] 9858500
Partition opt is: -1

==>Array: deg

==>Array: deg

 ==> parse access in dimension 0
Get index : i
[print ==>] Unroll the references in SgForStatement:for(int i = 0;i < 19717;++i) {...}
 original refs: 1
[print ==>] Unroll the references, repeated refs: 0
         ==> dimension 1==> factor partition factor: 1

==>Array: deg_inv_sqrt

==>Array: deg_inv_sqrt

 ==> parse access in dimension 0
Get index : i
[print ==>] Unroll the references in SgForStatement:for(int i = 0;i < 19717;++i) {...}
 original refs: 1
[print ==>] Unroll the references, repeated refs: 0
         ==> dimension 1==> factor partition factor: 1
   pntr: SgPntrArrRefExp:norm[i]
   pntr: SgPntrArrRefExp:deg_inv_sqrt[edge_index_buf_1[i]]
   pntr: SgPntrArrRefExp:edge_index_buf_1[i]
   pntr: SgPntrArrRefExp:edge_weight[i]
   pntr: SgPntrArrRefExp:deg_inv_sqrt[edge_index_buf_1[108365 + i]]
   pntr: SgPntrArrRefExp:edge_index_buf_1[108365 + i]


Partition analysis node...
--result[0] 315472
--edge_index[0] 216730
--weight[0] 8000
--x[0] 9858500
Partition opt is: -1

==>Array: edge_index_buf_1

==>Array: edge_index_buf_1

 ==> parse access in dimension 0
Get index : i
Get index : 108365 + i
[print ==>] Unroll the references in SgForStatement:for(int i = 0;i < 88648 + 19717;++i) {...}
 original refs: 2
[print ==>] Unroll the references, repeated refs: 0
         ==> dimension 1==> factor partition factor: 1

==>Array: edge_weight

==>Array: edge_weight

 ==> parse access in dimension 0
Get index : i
[print ==>] Unroll the references in SgForStatement:for(int i = 0;i < 88648 + 19717;++i) {...}
 original refs: 1
[print ==>] Unroll the references, repeated refs: 0
         ==> dimension 1==> factor partition factor: 1

==>Array: deg_inv_sqrt

==>Array: deg_inv_sqrt

 ==> parse access in dimension 0
Get index : edge_index_buf_1[i]
==> Variable in the index:SgPntrArrRefExp:edge_index_buf_1[i]
Get index : edge_index_buf_1[108365 + i]
==> Variable in the index:SgPntrArrRefExp:edge_index_buf_1[108365 + i]
[print ==>] Unroll the references in SgForStatement:for(int i = 0;i < 88648 + 19717;++i) {...}
 original refs: 2
idx: SgPntrArrRefExp:edge_index_buf_1[i],19717,0
idx: SgPntrArrRefExp:edge_index_buf_1[108365 + i],19717,0
[print ==>] Unroll the references, repeated refs: 0
         ==> dimension 1==> factor partition factor: 1

==>Array: norm

==>Array: norm

 ==> parse access in dimension 0
Get index : i
[print ==>] Unroll the references in SgForStatement:for(int i = 0;i < 88648 + 19717;++i) {...}
 original refs: 1
[print ==>] Unroll the references, repeated refs: 0
         ==> dimension 1==> factor partition factor: 1
   pntr: SgCastExp:(merlin_uint_512 *)result
   pntr: SgPntrArrRefExp:edge_index_buf_3[108365 + i]
   pntr: SgPntrArrRefExp:norm[i]
   pntr: SgPntrArrRefExp:x_mul[edge_index_buf_3[i]][j]
   pntr: SgPntrArrRefExp:edge_index_buf_3[i]
   pntr: SgCastExp:(merlin_uint_512 *)result
   pntr: SgPntrArrRefExp:edge_index_buf_3[108365 + i]


Partition analysis node...
--result[0] 315472
--edge_index[0] 216730
--weight[0] 8000
--x[0] 9858500
Partition opt is: -1

==>Array: result
Trace to the bus or cannot trace to any source.

==>Array: edge_index_buf_3

==>Array: edge_index_buf_3

 ==> parse access in dimension 0
Get index : 108365 + i
Get index : i
Get index : 108365 + i
[print ==>] Unroll the references in SgForStatement:for(int i = 0;i < 88648 + 19717;++i) {...}
 original refs: 3
[print ==>] Unroll the references, repeated refs: 1
bank : 2 for dimension size 216730
[PARTITION-ANALYSIS] Bank = 2 success for non-conflict partitioning
         ==> dimension 1==> partition factor: 2

==>Array: x_mul

==>Array: x_mul

 ==> parse access in dimension 1
Get index : j
[print ==>] Unroll the references in SgForStatement:for(int i = 0;i < 88648 + 19717;++i) {...}
 original refs: 1
[print ==>] Unroll the references, repeated refs: 0
         ==> dimension 2 ==> complete partition 
Hooray! Indices are different!! 

==>Array: norm

==>Array: norm

 ==> parse access in dimension 0
Get index : i
[print ==>] Unroll the references in SgForStatement:for(int i = 0;i < 88648 + 19717;++i) {...}
 original refs: 1
[print ==>] Unroll the references, repeated refs: 0
         ==> dimension 1==> factor partition factor: 1
   pntr: SgCastExp:(merlin_uint_512 *)result
   pntr: SgPntrArrRefExp:edge_index_buf_3[108365 + i]
   pntr: SgPntrArrRefExp:norm[i]
   pntr: SgPntrArrRefExp:x_mul[edge_index_buf_3[i]][j]
   pntr: SgPntrArrRefExp:edge_index_buf_3[i]
   pntr: SgCastExp:(merlin_uint_512 *)result
   pntr: SgPntrArrRefExp:edge_index_buf_3[108365 + i]


Partition analysis node...
--result[0] 315472
--edge_index[0] 216730
--weight[0] 8000
--x[0] 9858500
Partition opt is: 0

==>Array: result
Trace to the bus or cannot trace to any source.

==>Array: edge_index_buf_3

==>Array: edge_index_buf_3

 ==> parse access in dimension 0
Get index : 108365 + i
Get index : i
Get index : 108365 + i
[print ==>] Unroll the references in SgForStatement:for(int j = 0;j < 16;++j) {...}
 original refs: 3
[print ==>] Unroll the references, repeated refs: 1
bank : 2 for dimension size 216730
[PARTITION-ANALYSIS] Bank = 2 success for non-conflict partitioning
         ==> dimension 1==> partition factor: 2

==>Array: x_mul

==>Array: x_mul

 ==> parse access in dimension 1
Get index : j
[print ==>] Unroll the references in SgForStatement:for(int j = 0;j < 16;++j) {...}
 original refs: 1
[print ==>] Unroll the references, repeated refs: 0
         ==> dimension 2 ==> complete partition 

 ==> parse access in dimension 0
Get index : edge_index_buf_3[i]
==> Variable in the index:SgPntrArrRefExp:edge_index_buf_3[i]
[print ==>] Unroll the references in SgForStatement:for(int j = 0;j < 16;++j) {...}
 original refs: 1
[print ==>] Unroll the references, repeated refs: 0
         ==> dimension 1==> factor partition factor: 1

==>Array: norm

==>Array: norm

 ==> parse access in dimension 0
Get index : i
[print ==>] Unroll the references in SgForStatement:for(int j = 0;j < 16;++j) {...}
 original refs: 1
[print ==>] Unroll the references, repeated refs: 0
         ==> dimension 1==> factor partition factor: 1


 ######Partition merge...
Get partition table for weight_buf_0
Pragma extract: SgPragmaDeclaration:#pragma HLS array_partition variable=weight_buf_0 cyclic factor = 16 dim=2
[INFO] dim-1, factor-16
Get partition table for x_buf_0
Pragma extract: SgPragmaDeclaration:#pragma HLS array_partition variable=x_buf_0 cyclic factor = 16 dim=1
[INFO] dim-0, factor-16
TRACE: SgVariableDeclaration:float weight_buf_0[500][16];
TRACE: SgVariableDeclaration:int edge_index_buf_3[216730];
TRACE: SgVariableDeclaration:float x_mul[19717][16];
TRACE: SgVariableDeclaration:float x_buf_0[500];
==> Array merge: SgInitializedName:weight_buf_0
==> Array merge: SgInitializedName:edge_index_buf_3
Choose factors
dim-0, factor-2
dim-0, factor-2
dim-0, size-216730, choose-2
==> Array merge: SgInitializedName:x_mul
Choose factors
dim-1, factor-0
dim-1, factor-0
dim-1, size-16, choose-0
==> Array merge: SgInitializedName:x_buf_0
Check init: edge_index_buf_3
check  (2 , 2)
Check init: x_mul
check  (0 , 0)
Check init: edge_index_buf_3
check  (2 , 2)
Check init: x_mul
check  (0 , 0)
dual: 1, 2
dual: 0, 1
dual: 1, 2
dual: 0, 1


 ######Partition transform...
decl: SgVariableDeclaration:float weight_buf_0[500][16];
[pragma gen] HLS array_partition variable=weight_buf_0 cyclic factor=8 dim=2
decl: SgVariableDeclaration:int edge_index_buf_3[216730];
decl: SgVariableDeclaration:float x_mul[19717][16];
[pragma gen] HLS array_partition variable=x_mul complete dim=2
decl: SgVariableDeclaration:float x_buf_0[500];
[pragma gen] HLS array_partition variable=x_buf_0 cyclic factor=8 dim=1
INFO: [FGPIP-101] Partitioning array 'weight_buf_0' on dimension 2 with factor 8


INFO: [FGPIP-101] Partitioning array 'x_mul' on dimension 2 completely


INFO: [FGPIP-101] Partitioning array 'x_buf_0' on dimension 1 with factor 8


==============================================
============================================
============================================
action: 1

==> INSERT PIPELINE ANALYSIS
   pntr: SgPntrArrRefExp:x_buf_0[k]
   pntr: SgPntrArrRefExp:weight_buf_0[k][j]
Check: SgInitializedName:weight_buf_0
outside can be flatten
[MARS-PARALLEL-CODEGEN] no loop-carried dependency on Array 'weight_buf_0'
Check: SgInitializedName:x_buf_0
outside can be flatten
[MARS-PARALLEL-CODEGEN] no loop-carried dependency on Array 'x_buf_0'
action: 1

==> INSERT PIPELINE ANALYSIS
   pntr: SgPntrArrRefExp:edge_index_buf_2[j][i]
Check: SgInitializedName:edge_index_buf_2
outside can be flatten
[MARS-PARALLEL-CODEGEN] no loop-carried dependency on Array 'edge_index_buf_2'
action: 1

==> INSERT PARALLEL ANALYSIS
action: 1

==> INSERT PIPELINE ANALYSIS
   pntr: SgPntrArrRefExp:edge_weight[i]
Check: SgInitializedName:edge_weight
outside can be flatten
[MARS-PARALLEL-CODEGEN] no loop-carried dependency on Array 'edge_weight'
action: 1

==> INSERT PIPELINE ANALYSIS
   pntr: SgPntrArrRefExp:deg[edge_index_buf_0[i]]
   pntr: SgPntrArrRefExp:edge_index_buf_0[i]
   pntr: SgPntrArrRefExp:edge_weight[i]
Check: SgInitializedName:edge_index_buf_0
outside can be flatten
[MARS-PARALLEL-CODEGEN] no loop-carried dependency on Array 'edge_index_buf_0'
Check: SgInitializedName:edge_weight
outside can be flatten
[MARS-PARALLEL-CODEGEN] no loop-carried dependency on Array 'edge_weight'
Check: SgInitializedName:deg
dep on loop SgForStatement:for(int i = 0;i < 88648 + 19717;++i) {...}
action: 1

==> INSERT PIPELINE ANALYSIS
   pntr: SgPntrArrRefExp:deg_inv_sqrt[i]
   pntr: SgPntrArrRefExp:deg[i]
Check: SgInitializedName:deg
outside can be flatten
[MARS-PARALLEL-CODEGEN] no loop-carried dependency on Array 'deg'
Check: SgInitializedName:deg_inv_sqrt
outside can be flatten
[MARS-PARALLEL-CODEGEN] no loop-carried dependency on Array 'deg_inv_sqrt'
action: 1

==> INSERT PIPELINE ANALYSIS
   pntr: SgPntrArrRefExp:norm[i]
   pntr: SgPntrArrRefExp:deg_inv_sqrt[edge_index_buf_1[i]]
   pntr: SgPntrArrRefExp:edge_index_buf_1[i]
   pntr: SgPntrArrRefExp:edge_weight[i]
   pntr: SgPntrArrRefExp:deg_inv_sqrt[edge_index_buf_1[108365 + i]]
   pntr: SgPntrArrRefExp:edge_index_buf_1[108365 + i]
Check: SgInitializedName:edge_index_buf_1
outside can be flatten
[MARS-PARALLEL-CODEGEN] no loop-carried dependency on Array 'edge_index_buf_1'
Check: SgInitializedName:edge_weight
outside can be flatten
[MARS-PARALLEL-CODEGEN] no loop-carried dependency on Array 'edge_weight'
Check: SgInitializedName:deg_inv_sqrt
outside can be flatten
[MARS-PARALLEL-CODEGEN] no loop-carried dependency on Array 'deg_inv_sqrt'
Check: SgInitializedName:norm
outside can be flatten
[MARS-PARALLEL-CODEGEN] no loop-carried dependency on Array 'norm'
action: 1

==> INSERT PIPELINE ANALYSIS
   pntr: SgCastExp:(merlin_uint_512 *)result
   pntr: SgPntrArrRefExp:edge_index_buf_3[108365 + i]
   pntr: SgPntrArrRefExp:norm[i]
   pntr: SgPntrArrRefExp:x_mul[edge_index_buf_3[i]][j]
   pntr: SgPntrArrRefExp:edge_index_buf_3[i]
   pntr: SgCastExp:(merlin_uint_512 *)result
   pntr: SgPntrArrRefExp:edge_index_buf_3[108365 + i]
Check: SgInitializedName:result
outside can be flatten
[MARS-PARALLEL-CODEGEN] no loop-carried dependency on Array 'result'
Check: SgInitializedName:edge_index_buf_3
outside can be flatten
[MARS-PARALLEL-CODEGEN] no loop-carried dependency on Array 'edge_index_buf_3'
Check: SgInitializedName:x_mul
outside can be flatten
[MARS-PARALLEL-CODEGEN] no loop-carried dependency on Array 'x_mul'
Check: SgInitializedName:norm
outside can be flatten
[MARS-PARALLEL-CODEGEN] no loop-carried dependency on Array 'norm'
action: 1

==> INSERT PARALLEL ANALYSIS
============================================
============================================

-----=# Loop Parallel Optimization End#=----
============================================

====>  index transform: 
SgForStatement:for(int i = 0;i < 88648 + 19717;++i) {...}
====>  index transform: 
SgForStatement:for(int i = 0;i < 19717;++i) {...}
====>  index transform: 
SgForStatement:for(int i = 0;i < 88648 + 19717;++i) {...}
====>  index transform: 
SgForStatement:for(int i = 0;i < 88648 + 19717;++i) {...}
====>  index transform: 
SgForStatement:for(int j = 0;j < 16;++j) {...}
====>  index transform: 
SgForStatement:for(int j = 0;j < 2;++j) {...}
====>  index transform: 
SgForStatement:for(int i = 0;i < 88648 + 19717;++i) {...}
====>  index transform: 
SgForStatement:for(int i = 0;i < 19717;++i) {...}
====>  index transform: 
SgForStatement:for(int k = 0;k < 500;++k) {...}
Check false dependency pragma for Xilinx flow
to remove: SgPragmaDeclaration:#pragma ACCEL PIPELINE AUTO
to remove: SgPragmaDeclaration:#pragma ACCEL PIPELINE AUTO
to remove: SgPragmaDeclaration:#pragma ACCEL PARALLEL COMPLETE
to remove: SgPragmaDeclaration:#pragma ACCEL PIPELINE AUTO
to remove: SgPragmaDeclaration:#pragma ACCEL PIPELINE AUTO
to remove: SgPragmaDeclaration:#pragma ACCEL PIPELINE AUTO
to remove: SgPragmaDeclaration:#pragma ACCEL PIPELINE AUTO
to remove: SgPragmaDeclaration:#pragma ACCEL PIPELINE AUTO
to remove: SgPragmaDeclaration:#pragma ACCEL PARALLEL COMPLETE
to remove: SgPragmaDeclaration:#pragma ACCEL PIPELINE AUTO
to remove: SgPragmaDeclaration:#pragma ACCEL PIPELINE AUTO
to remove: SgPragmaDeclaration:#pragma ACCEL PIPELINE AUTO
to remove: SgPragmaDeclaration:#pragma ACCEL PIPELINE AUTO
to remove: SgPragmaDeclaration:#pragma ACCEL PARALLEL COMPLETE
to remove: SgPragmaDeclaration:#pragma ACCEL PARALLEL COMPLETE
to remove: SgPragmaDeclaration:#pragma ACCEL PIPELINE AUTO
to remove: SgPragmaDeclaration:#pragma ACCEL PIPELINE AUTO
to remove: SgPragmaDeclaration:#pragma ACCEL PIPELINE AUTO
to remove: SgPragmaDeclaration:#pragma ACCEL PIPELINE AUTO
to remove: SgPragmaDeclaration:#pragma ACCEL PIPELINE AUTO
to remove: SgPragmaDeclaration:#pragma ACCEL PARALLEL COMPLETE
to remove: SgPragmaDeclaration:#pragma ACCEL PARALLEL COMPLETE
Start loop flattening
[print topo:]1
flatten: SgForStatement:for(int k = 0;k < 500;++k) {...}
mars_opt  __merlinwrapper_gcnconv_kernel.cpp __merlinkernel_gcnconv_kernel.cpp  -e c -p loop_parallel   -a impl_tool=sdaccel -a effort=standard -a generate_l2_api=on -a debug_mode=debug  -I/home/centos/CS_259/Project/GCN_FPGA/src/merlin -I/home/centos/CS_259/Project/GCN_FPGA/src/merlin/./ -I/opt/merlin/build/..//mars-gen/lib/merlin -I /opt/merlin/build/..//mars-gen/lib/merlin -I /opt/merlin/build/..//source-opt/include/apint_include -a cflags="-D XILINX"
mars_opt  __merlinwrapper_gcnconv_kernel.cpp __merlinkernel_gcnconv_kernel.cpp  -e c -p loop_parallel   -a impl_tool=sdaccel -a effort=standard -a generate_l2_api=on -a debug_mode=debug  -I/home/centos/CS_259/Project/GCN_FPGA/src/merlin -I/home/centos/CS_259/Project/GCN_FPGA/src/merlin/./ -I/opt/merlin/build/..//mars-gen/lib/merlin -I /opt/merlin/build/..//mars-gen/lib/merlin -I /opt/merlin/build/..//source-opt/include/apint_include -a cflags="-D XILINX"
