

================================================================
== Vivado HLS Report for 'merlin_memcpy_2_0'
================================================================
* Date:           Thu Dec 12 01:07:35 2019

* Version:        2019.1.op (Build 2552052 on Fri May 24 15:28:33 MDT 2019)
* Project:        gcnconv_kernel
* Solution:       solution
* Product family: virtexuplus
* Target device:  xcvu9p-flgb2104-2-i


================================================================
== Performance Estimates
================================================================
+ Timing (ns): 
    * Summary: 
    +--------+-------+----------+------------+
    |  Clock | Target| Estimated| Uncertainty|
    +--------+-------+----------+------------+
    |ap_clk  |   4.00|     2.920|        1.08|
    +--------+-------+----------+------------+

+ Latency (clock cycles): 
    * Summary: 
    +--------+--------+--------+--------+---------+
    |     Latency     |     Interval    | Pipeline|
    |   min  |   max  |   min  |   max  |   Type  |
    +--------+--------+--------+--------+---------+
    |  108375|  108375|  108375|  108375|   none  |
    +--------+--------+--------+--------+---------+

    + Detail: 
        * Instance: 
        N/A

        * Loop: 
        +------------+--------+--------+----------+-----------+-----------+--------+----------+
        |            |     Latency     | Iteration|  Initiation Interval  |  Trip  |          |
        |  Loop Name |   min  |   max  |  Latency |  achieved |   target  |  Count | Pipelined|
        +------------+--------+--------+----------+-----------+-----------+--------+----------+
        |- merlinL2  |  108373|  108373|        10|          1|          1|  108365|    yes   |
        +------------+--------+--------+----------+-----------+-----------+--------+----------+

============================================================
+ Verbose Summary: Synthesis Manager
============================================================
InlineROM: 1
ExposeGlobal: 0
============================================================
+ Verbose Summary: CDFG Model
============================================================
IsTopModel: 0
ResetActiveHigh: 1
IsCombinational: 0
IsDatapathOnly: 0
HasWiredReturn: 1
HasMFsm: 0
HasVarLatency: 1
IsPipeline: 0
IsRtlPipelined: 0
IsInstanceOverlapped: 0
IsDontTouch: 0
HasImplIP: 0
IsGatedGlobalClock: 0

+ Individual pipeline summary: 
  * Pipeline-0: initiation interval (II) = 1, depth = 10


============================================================
+ Verbose Summary: Schedule
============================================================
* Number of FSM states : 12
* Pipeline : 1
  Pipeline-0 : II = 1, D = 10, States = { 2 3 4 5 6 7 8 9 10 11 }
* Dataflow Pipeline: 0

* FSM state transitions: 
1 --> 2 
2 --> 12 3 
3 --> 4 
4 --> 5 
5 --> 6 
6 --> 7 
7 --> 8 
8 --> 9 
9 --> 10 
10 --> 11 
11 --> 2 
12 --> 

* FSM state operations: 

State 1 <SV = 0> <Delay = 0.60>
ST_1 : Operation 13 [1/1] (0.00ns)   --->   "%src_offset_read = call i58 @_ssdm_op_Read.ap_auto.i58(i58 %src_offset)"   --->   Operation 13 'read' 'src_offset_read' <Predicate = true> <Delay = 0.00>
ST_1 : Operation 14 [1/1] (0.00ns)   --->   "call void (...)* @_ssdm_op_SpecInterface(i512* %src, [6 x i8]* @p_str, i32 0, i32 0, [1 x i8]* @p_str1, i32 0, i32 216730, [5 x i8]* @p_str2, [6 x i8]* @p_str3, [1 x i8]* @p_str1, i32 16, i32 16, i32 16, i32 16, [1 x i8]* @p_str1, [1 x i8]* @p_str1)"   --->   Operation 14 'specinterface' <Predicate = true> <Delay = 0.00>
ST_1 : Operation 15 [1/1] (0.60ns)   --->   "br label %1" [/home/centos/CS_259/Project/GCN_FPGA/src/merlin/.merlin_prj/run/implement/exec/hls/__merlinkernel_gcnconv_kernel.cpp:69]   --->   Operation 15 'br' <Predicate = true> <Delay = 0.60>

State 2 <SV = 1> <Delay = 0.98>
ST_2 : Operation 16 [1/1] (0.00ns)   --->   "%i_0 = phi i17 [ 0, %0 ], [ %i, %merlinL2 ]"   --->   Operation 16 'phi' 'i_0' <Predicate = true> <Delay = 0.00>
ST_2 : Operation 17 [1/1] (0.68ns)   --->   "%icmp_ln69 = icmp eq i17 %i_0, -22707" [/home/centos/CS_259/Project/GCN_FPGA/src/merlin/.merlin_prj/run/implement/exec/hls/__merlinkernel_gcnconv_kernel.cpp:69]   --->   Operation 17 'icmp' 'icmp_ln69' <Predicate = true> <Delay = 0.68> <Core = "Cmp">   --->   Core 25 'Cmp' <Latency = 0> <II = 1> <Delay = 0.68> <FuncUnit> <Opcode : 'icmp'> <InPorts = 2> <OutPorts = 1>
ST_2 : Operation 18 [1/1] (0.00ns)   --->   "call void (...)* @_ssdm_op_SpecLoopTripCount(i64 108365, i64 108365, i64 108365)"   --->   Operation 18 'speclooptripcount' <Predicate = true> <Delay = 0.00>
ST_2 : Operation 19 [1/1] (0.59ns)   --->   "%i = add i17 %i_0, 1" [/home/centos/CS_259/Project/GCN_FPGA/src/merlin/.merlin_prj/run/implement/exec/hls/__merlinkernel_gcnconv_kernel.cpp:69]   --->   Operation 19 'add' 'i' <Predicate = true> <Delay = 0.59> <Core = "AddSub">   --->   Core 14 'AddSub' <Latency = 0> <II = 1> <Delay = 0.78> <FuncUnit> <Opcode : 'add' 'sub'> <InPorts = 2> <OutPorts = 1>
ST_2 : Operation 20 [1/1] (0.00ns)   --->   "br i1 %icmp_ln69, label %2, label %merlinL2" [/home/centos/CS_259/Project/GCN_FPGA/src/merlin/.merlin_prj/run/implement/exec/hls/__merlinkernel_gcnconv_kernel.cpp:69]   --->   Operation 20 'br' <Predicate = true> <Delay = 0.00>
ST_2 : Operation 21 [1/1] (0.00ns)   --->   "%tmp_5 = call i13 @_ssdm_op_PartSelect.i13.i17.i32.i32(i17 %i_0, i32 4, i32 16)" [/home/centos/CS_259/Project/GCN_FPGA/src/merlin/.merlin_prj/run/implement/exec/hls/__merlinkernel_gcnconv_kernel.cpp:74]   --->   Operation 21 'partselect' 'tmp_5' <Predicate = (!icmp_ln69)> <Delay = 0.00>
ST_2 : Operation 22 [1/1] (0.00ns)   --->   "%zext_ln74 = zext i13 %tmp_5 to i59" [/home/centos/CS_259/Project/GCN_FPGA/src/merlin/.merlin_prj/run/implement/exec/hls/__merlinkernel_gcnconv_kernel.cpp:74]   --->   Operation 22 'zext' 'zext_ln74' <Predicate = (!icmp_ln69)> <Delay = 0.00>
ST_2 : Operation 23 [1/1] (0.00ns)   --->   "%zext_ln74_1 = zext i58 %src_offset_read to i59" [/home/centos/CS_259/Project/GCN_FPGA/src/merlin/.merlin_prj/run/implement/exec/hls/__merlinkernel_gcnconv_kernel.cpp:74]   --->   Operation 23 'zext' 'zext_ln74_1' <Predicate = (!icmp_ln69)> <Delay = 0.00>
ST_2 : Operation 24 [1/1] (0.78ns)   --->   "%add_ln74 = add i59 %zext_ln74, %zext_ln74_1" [/home/centos/CS_259/Project/GCN_FPGA/src/merlin/.merlin_prj/run/implement/exec/hls/__merlinkernel_gcnconv_kernel.cpp:74]   --->   Operation 24 'add' 'add_ln74' <Predicate = (!icmp_ln69)> <Delay = 0.78> <Core = "AddSub">   --->   Core 14 'AddSub' <Latency = 0> <II = 1> <Delay = 0.78> <FuncUnit> <Opcode : 'add' 'sub'> <InPorts = 2> <OutPorts = 1>

State 3 <SV = 2> <Delay = 2.92>
ST_3 : Operation 25 [1/1] (0.00ns)   --->   "%zext_ln74_2 = zext i59 %add_ln74 to i64" [/home/centos/CS_259/Project/GCN_FPGA/src/merlin/.merlin_prj/run/implement/exec/hls/__merlinkernel_gcnconv_kernel.cpp:74]   --->   Operation 25 'zext' 'zext_ln74_2' <Predicate = (!icmp_ln69)> <Delay = 0.00>
ST_3 : Operation 26 [1/1] (0.00ns)   --->   "%src_addr = getelementptr i512* %src, i64 %zext_ln74_2" [/home/centos/CS_259/Project/GCN_FPGA/src/merlin/.merlin_prj/run/implement/exec/hls/__merlinkernel_gcnconv_kernel.cpp:74]   --->   Operation 26 'getelementptr' 'src_addr' <Predicate = (!icmp_ln69)> <Delay = 0.00>
ST_3 : Operation 27 [7/7] (2.92ns)   --->   "%src_load_req = call i1 @_ssdm_op_ReadReq.m_axi.i512P(i512* %src_addr, i32 1)" [/home/centos/CS_259/Project/GCN_FPGA/src/merlin/.merlin_prj/run/implement/exec/hls/__merlinkernel_gcnconv_kernel.cpp:74]   --->   Operation 27 'readreq' 'src_load_req' <Predicate = (!icmp_ln69)> <Delay = 2.92> <Core = "m_axi">   --->   Core 9 'm_axi' <Latency = 6> <II = 1> <Delay = 1.00> <Adapter> <Opcode : 'read' 'write' 'readreq' 'writereq' 'writeresp'>

State 4 <SV = 3> <Delay = 2.92>
ST_4 : Operation 28 [6/7] (2.92ns)   --->   "%src_load_req = call i1 @_ssdm_op_ReadReq.m_axi.i512P(i512* %src_addr, i32 1)" [/home/centos/CS_259/Project/GCN_FPGA/src/merlin/.merlin_prj/run/implement/exec/hls/__merlinkernel_gcnconv_kernel.cpp:74]   --->   Operation 28 'readreq' 'src_load_req' <Predicate = (!icmp_ln69)> <Delay = 2.92> <Core = "m_axi">   --->   Core 9 'm_axi' <Latency = 6> <II = 1> <Delay = 1.00> <Adapter> <Opcode : 'read' 'write' 'readreq' 'writereq' 'writeresp'>

State 5 <SV = 4> <Delay = 2.92>
ST_5 : Operation 29 [5/7] (2.92ns)   --->   "%src_load_req = call i1 @_ssdm_op_ReadReq.m_axi.i512P(i512* %src_addr, i32 1)" [/home/centos/CS_259/Project/GCN_FPGA/src/merlin/.merlin_prj/run/implement/exec/hls/__merlinkernel_gcnconv_kernel.cpp:74]   --->   Operation 29 'readreq' 'src_load_req' <Predicate = (!icmp_ln69)> <Delay = 2.92> <Core = "m_axi">   --->   Core 9 'm_axi' <Latency = 6> <II = 1> <Delay = 1.00> <Adapter> <Opcode : 'read' 'write' 'readreq' 'writereq' 'writeresp'>

State 6 <SV = 5> <Delay = 2.92>
ST_6 : Operation 30 [4/7] (2.92ns)   --->   "%src_load_req = call i1 @_ssdm_op_ReadReq.m_axi.i512P(i512* %src_addr, i32 1)" [/home/centos/CS_259/Project/GCN_FPGA/src/merlin/.merlin_prj/run/implement/exec/hls/__merlinkernel_gcnconv_kernel.cpp:74]   --->   Operation 30 'readreq' 'src_load_req' <Predicate = (!icmp_ln69)> <Delay = 2.92> <Core = "m_axi">   --->   Core 9 'm_axi' <Latency = 6> <II = 1> <Delay = 1.00> <Adapter> <Opcode : 'read' 'write' 'readreq' 'writereq' 'writeresp'>

State 7 <SV = 6> <Delay = 2.92>
ST_7 : Operation 31 [3/7] (2.92ns)   --->   "%src_load_req = call i1 @_ssdm_op_ReadReq.m_axi.i512P(i512* %src_addr, i32 1)" [/home/centos/CS_259/Project/GCN_FPGA/src/merlin/.merlin_prj/run/implement/exec/hls/__merlinkernel_gcnconv_kernel.cpp:74]   --->   Operation 31 'readreq' 'src_load_req' <Predicate = (!icmp_ln69)> <Delay = 2.92> <Core = "m_axi">   --->   Core 9 'm_axi' <Latency = 6> <II = 1> <Delay = 1.00> <Adapter> <Opcode : 'read' 'write' 'readreq' 'writereq' 'writeresp'>

State 8 <SV = 7> <Delay = 2.92>
ST_8 : Operation 32 [2/7] (2.92ns)   --->   "%src_load_req = call i1 @_ssdm_op_ReadReq.m_axi.i512P(i512* %src_addr, i32 1)" [/home/centos/CS_259/Project/GCN_FPGA/src/merlin/.merlin_prj/run/implement/exec/hls/__merlinkernel_gcnconv_kernel.cpp:74]   --->   Operation 32 'readreq' 'src_load_req' <Predicate = (!icmp_ln69)> <Delay = 2.92> <Core = "m_axi">   --->   Core 9 'm_axi' <Latency = 6> <II = 1> <Delay = 1.00> <Adapter> <Opcode : 'read' 'write' 'readreq' 'writereq' 'writeresp'>

State 9 <SV = 8> <Delay = 2.92>
ST_9 : Operation 33 [1/7] (2.92ns)   --->   "%src_load_req = call i1 @_ssdm_op_ReadReq.m_axi.i512P(i512* %src_addr, i32 1)" [/home/centos/CS_259/Project/GCN_FPGA/src/merlin/.merlin_prj/run/implement/exec/hls/__merlinkernel_gcnconv_kernel.cpp:74]   --->   Operation 33 'readreq' 'src_load_req' <Predicate = (!icmp_ln69)> <Delay = 2.92> <Core = "m_axi">   --->   Core 9 'm_axi' <Latency = 6> <II = 1> <Delay = 1.00> <Adapter> <Opcode : 'read' 'write' 'readreq' 'writereq' 'writeresp'>

State 10 <SV = 9> <Delay = 2.92>
ST_10 : Operation 34 [1/1] (2.92ns)   --->   "%src_addr_read = call i512 @_ssdm_op_Read.m_axi.i512P(i512* %src_addr)" [/home/centos/CS_259/Project/GCN_FPGA/src/merlin/.merlin_prj/run/implement/exec/hls/__merlinkernel_gcnconv_kernel.cpp:74]   --->   Operation 34 'read' 'src_addr_read' <Predicate = (!icmp_ln69)> <Delay = 2.92> <Core = "m_axi">   --->   Core 9 'm_axi' <Latency = 6> <II = 1> <Delay = 1.00> <Adapter> <Opcode : 'read' 'write' 'readreq' 'writereq' 'writeresp'>

State 11 <SV = 10> <Delay = 2.60>
ST_11 : Operation 35 [1/1] (0.00ns)   --->   "%zext_ln69 = zext i17 %i_0 to i64" [/home/centos/CS_259/Project/GCN_FPGA/src/merlin/.merlin_prj/run/implement/exec/hls/__merlinkernel_gcnconv_kernel.cpp:69]   --->   Operation 35 'zext' 'zext_ln69' <Predicate = (!icmp_ln69)> <Delay = 0.00>
ST_11 : Operation 36 [1/1] (0.00ns)   --->   "call void (...)* @_ssdm_op_SpecLoopName([9 x i8]* @p_str31) nounwind" [/home/centos/CS_259/Project/GCN_FPGA/src/merlin/.merlin_prj/run/implement/exec/hls/__merlinkernel_gcnconv_kernel.cpp:69]   --->   Operation 36 'specloopname' <Predicate = (!icmp_ln69)> <Delay = 0.00>
ST_11 : Operation 37 [1/1] (0.00ns)   --->   "%tmp = call i32 (...)* @_ssdm_op_SpecRegionBegin([9 x i8]* @p_str31)" [/home/centos/CS_259/Project/GCN_FPGA/src/merlin/.merlin_prj/run/implement/exec/hls/__merlinkernel_gcnconv_kernel.cpp:69]   --->   Operation 37 'specregionbegin' 'tmp' <Predicate = (!icmp_ln69)> <Delay = 0.00>
ST_11 : Operation 38 [1/1] (0.00ns)   --->   "call void (...)* @_ssdm_op_SpecPipeline(i32 1, i32 1, i32 1, i32 0, [1 x i8]* @p_str1) nounwind" [/home/centos/CS_259/Project/GCN_FPGA/src/merlin/.merlin_prj/run/implement/exec/hls/__merlinkernel_gcnconv_kernel.cpp:71]   --->   Operation 38 'specpipeline' <Predicate = (!icmp_ln69)> <Delay = 0.00>
ST_11 : Operation 39 [1/1] (0.00ns)   --->   "%trunc_ln74 = trunc i17 %i_0 to i4" [/home/centos/CS_259/Project/GCN_FPGA/src/merlin/.merlin_prj/run/implement/exec/hls/__merlinkernel_gcnconv_kernel.cpp:74]   --->   Operation 39 'trunc' 'trunc_ln74' <Predicate = (!icmp_ln69)> <Delay = 0.00>
ST_11 : Operation 40 [1/1] (0.00ns)   --->   "%tmp_6 = call i9 @_ssdm_op_BitConcatenate.i9.i4.i5(i4 %trunc_ln74, i5 0)" [/home/centos/CS_259/Project/GCN_FPGA/src/merlin/.merlin_prj/run/implement/exec/hls/__merlinkernel_gcnconv_kernel.cpp:74]   --->   Operation 40 'bitconcatenate' 'tmp_6' <Predicate = (!icmp_ln69)> <Delay = 0.00>
ST_11 : Operation 41 [1/1] (0.00ns)   --->   "%empty = zext i9 %tmp_6 to i512" [/home/centos/CS_259/Project/GCN_FPGA/src/merlin/.merlin_prj/run/implement/exec/hls/__merlinkernel_gcnconv_kernel.cpp:74]   --->   Operation 41 'zext' 'empty' <Predicate = (!icmp_ln69)> <Delay = 0.00>
ST_11 : Operation 42 [1/1] (1.44ns)   --->   "%lshr_ln74 = lshr i512 %src_addr_read, %empty" [/home/centos/CS_259/Project/GCN_FPGA/src/merlin/.merlin_prj/run/implement/exec/hls/__merlinkernel_gcnconv_kernel.cpp:74]   --->   Operation 42 'lshr' 'lshr_ln74' <Predicate = (!icmp_ln69)> <Delay = 1.44> <Core = "Shift">   --->   Core 28 'Shift' <Latency = 0> <II = 1> <Delay = 1.44> <FuncUnit> <Opcode : 'shl' 'lshr' 'ashr'> <InPorts = 2> <OutPorts = 1>
ST_11 : Operation 43 [1/1] (0.00ns)   --->   "%trunc_ln74_1 = trunc i512 %lshr_ln74 to i32" [/home/centos/CS_259/Project/GCN_FPGA/src/merlin/.merlin_prj/run/implement/exec/hls/__merlinkernel_gcnconv_kernel.cpp:74]   --->   Operation 43 'trunc' 'trunc_ln74_1' <Predicate = (!icmp_ln69)> <Delay = 0.00>
ST_11 : Operation 44 [1/1] (0.00ns)   --->   "%dst_addr = getelementptr [108365 x i32]* %dst, i64 0, i64 %zext_ln69" [/home/centos/CS_259/Project/GCN_FPGA/src/merlin/.merlin_prj/run/implement/exec/hls/__merlinkernel_gcnconv_kernel.cpp:74]   --->   Operation 44 'getelementptr' 'dst_addr' <Predicate = (!icmp_ln69)> <Delay = 0.00>
ST_11 : Operation 45 [1/1] (1.15ns)   --->   "store i32 %trunc_ln74_1, i32* %dst_addr, align 4" [/home/centos/CS_259/Project/GCN_FPGA/src/merlin/.merlin_prj/run/implement/exec/hls/__merlinkernel_gcnconv_kernel.cpp:74]   --->   Operation 45 'store' <Predicate = (!icmp_ln69)> <Delay = 1.15> <Core = "RAM">   --->   Core 37 'RAM' <Latency = 1> <II = 1> <Delay = 1.15> <Storage> <Opcode : 'load' 'store'> <Ports = 2> <Width = 32> <Depth = 108365> <RAM>
ST_11 : Operation 46 [1/1] (0.00ns)   --->   "%empty_23 = call i32 (...)* @_ssdm_op_SpecRegionEnd([9 x i8]* @p_str31, i32 %tmp)" [/home/centos/CS_259/Project/GCN_FPGA/src/merlin/.merlin_prj/run/implement/exec/hls/__merlinkernel_gcnconv_kernel.cpp:75]   --->   Operation 46 'specregionend' 'empty_23' <Predicate = (!icmp_ln69)> <Delay = 0.00>
ST_11 : Operation 47 [1/1] (0.00ns)   --->   "br label %1" [/home/centos/CS_259/Project/GCN_FPGA/src/merlin/.merlin_prj/run/implement/exec/hls/__merlinkernel_gcnconv_kernel.cpp:69]   --->   Operation 47 'br' <Predicate = (!icmp_ln69)> <Delay = 0.00>

State 12 <SV = 2> <Delay = 0.00>
ST_12 : Operation 48 [1/1] (0.00ns)   --->   "ret void" [/home/centos/CS_259/Project/GCN_FPGA/src/merlin/.merlin_prj/run/implement/exec/hls/__merlinkernel_gcnconv_kernel.cpp:76]   --->   Operation 48 'ret' <Predicate = true> <Delay = 0.00>


============================================================
+ Verbose Summary: Timing violations
============================================================
Target clock period: 4ns, clock uncertainty: 1.08ns.

 <State 1>: 0.603ns
The critical path consists of the following:
	multiplexor before 'phi' operation ('i') with incoming values : ('i', /home/centos/CS_259/Project/GCN_FPGA/src/merlin/.merlin_prj/run/implement/exec/hls/__merlinkernel_gcnconv_kernel.cpp:69) [8]  (0.603 ns)

 <State 2>: 0.98ns
The critical path consists of the following:
	'icmp' operation ('icmp_ln69', /home/centos/CS_259/Project/GCN_FPGA/src/merlin/.merlin_prj/run/implement/exec/hls/__merlinkernel_gcnconv_kernel.cpp:69) [9]  (0.687 ns)
	blocking operation 0.293 ns on control path)

 <State 3>: 2.92ns
The critical path consists of the following:
	'getelementptr' operation ('src_addr', /home/centos/CS_259/Project/GCN_FPGA/src/merlin/.merlin_prj/run/implement/exec/hls/__merlinkernel_gcnconv_kernel.cpp:74) [26]  (0 ns)
	bus request on port 'src' (/home/centos/CS_259/Project/GCN_FPGA/src/merlin/.merlin_prj/run/implement/exec/hls/__merlinkernel_gcnconv_kernel.cpp:74) [27]  (2.92 ns)

 <State 4>: 2.92ns
The critical path consists of the following:
	bus request on port 'src' (/home/centos/CS_259/Project/GCN_FPGA/src/merlin/.merlin_prj/run/implement/exec/hls/__merlinkernel_gcnconv_kernel.cpp:74) [27]  (2.92 ns)

 <State 5>: 2.92ns
The critical path consists of the following:
	bus request on port 'src' (/home/centos/CS_259/Project/GCN_FPGA/src/merlin/.merlin_prj/run/implement/exec/hls/__merlinkernel_gcnconv_kernel.cpp:74) [27]  (2.92 ns)

 <State 6>: 2.92ns
The critical path consists of the following:
	bus request on port 'src' (/home/centos/CS_259/Project/GCN_FPGA/src/merlin/.merlin_prj/run/implement/exec/hls/__merlinkernel_gcnconv_kernel.cpp:74) [27]  (2.92 ns)

 <State 7>: 2.92ns
The critical path consists of the following:
	bus request on port 'src' (/home/centos/CS_259/Project/GCN_FPGA/src/merlin/.merlin_prj/run/implement/exec/hls/__merlinkernel_gcnconv_kernel.cpp:74) [27]  (2.92 ns)

 <State 8>: 2.92ns
The critical path consists of the following:
	bus request on port 'src' (/home/centos/CS_259/Project/GCN_FPGA/src/merlin/.merlin_prj/run/implement/exec/hls/__merlinkernel_gcnconv_kernel.cpp:74) [27]  (2.92 ns)

 <State 9>: 2.92ns
The critical path consists of the following:
	bus request on port 'src' (/home/centos/CS_259/Project/GCN_FPGA/src/merlin/.merlin_prj/run/implement/exec/hls/__merlinkernel_gcnconv_kernel.cpp:74) [27]  (2.92 ns)

 <State 10>: 2.92ns
The critical path consists of the following:
	bus read on port 'src' (/home/centos/CS_259/Project/GCN_FPGA/src/merlin/.merlin_prj/run/implement/exec/hls/__merlinkernel_gcnconv_kernel.cpp:74) [28]  (2.92 ns)

 <State 11>: 2.6ns
The critical path consists of the following:
	'lshr' operation ('lshr_ln74', /home/centos/CS_259/Project/GCN_FPGA/src/merlin/.merlin_prj/run/implement/exec/hls/__merlinkernel_gcnconv_kernel.cpp:74) [29]  (1.44 ns)
	'store' operation ('store_ln74', /home/centos/CS_259/Project/GCN_FPGA/src/merlin/.merlin_prj/run/implement/exec/hls/__merlinkernel_gcnconv_kernel.cpp:74) of variable 'trunc_ln74_1', /home/centos/CS_259/Project/GCN_FPGA/src/merlin/.merlin_prj/run/implement/exec/hls/__merlinkernel_gcnconv_kernel.cpp:74 on array 'dst' [32]  (1.16 ns)

 <State 12>: 0ns
The critical path consists of the following:


============================================================
+ Verbose Summary: Binding
============================================================
N/A
* FSMD analyzer results:
  - Output states:
 - Input state : 
  - Chain level:
	State 1
	State 2
	State 3
	State 4
	State 5
	State 6
	State 7
	State 8
	State 9
	State 10
	State 11
	State 12


============================================================
+ Verbose Summary: Datapath Resource usage 
============================================================
N/A
